ARM GAS  C:\Users\Lenovo\AppData\Local\Temp\ccL1MBVM.s 			page 1


   1              		.syntax unified
   2              		.cpu cortex-m0plus
   3              		.fpu softvfp
   4              		.eabi_attribute 20, 1
   5              		.eabi_attribute 21, 1
   6              		.eabi_attribute 23, 3
   7              		.eabi_attribute 24, 1
   8              		.eabi_attribute 25, 1
   9              		.eabi_attribute 26, 1
  10              		.eabi_attribute 30, 1
  11              		.eabi_attribute 34, 0
  12              		.eabi_attribute 18, 4
  13              		.thumb
  14              		.syntax unified
  15              		.file	"cyfitter_cfg.c"
  16              		.text
  17              	.Ltext0:
  18              		.cfi_sections	.debug_frame
  19              		.section	.psocinit,"ax",%progbits
  20              		.align	2
  21              		.code	16
  22              		.thumb_func
  23              		.type	ClockSetup, %function
  24              	ClockSetup:
  25              	.LFB4:
  26              		.file 1 "Generated_Source\\PSoC4\\cyfitter_cfg.c"
   1:Generated_Source\PSoC4/cyfitter_cfg.c **** 
   2:Generated_Source\PSoC4/cyfitter_cfg.c **** /*******************************************************************************
   3:Generated_Source\PSoC4/cyfitter_cfg.c **** * File Name: cyfitter_cfg.c
   4:Generated_Source\PSoC4/cyfitter_cfg.c **** * 
   5:Generated_Source\PSoC4/cyfitter_cfg.c **** * PSoC Creator  4.4
   6:Generated_Source\PSoC4/cyfitter_cfg.c **** *
   7:Generated_Source\PSoC4/cyfitter_cfg.c **** * Description:
   8:Generated_Source\PSoC4/cyfitter_cfg.c **** * This file contains device initialization code.
   9:Generated_Source\PSoC4/cyfitter_cfg.c **** * Except for the user defined sections in CyClockStartupError(), this file should not be modified.
  10:Generated_Source\PSoC4/cyfitter_cfg.c **** * This file is automatically generated by PSoC Creator.
  11:Generated_Source\PSoC4/cyfitter_cfg.c **** *
  12:Generated_Source\PSoC4/cyfitter_cfg.c **** ********************************************************************************
  13:Generated_Source\PSoC4/cyfitter_cfg.c **** * Copyright (c) 2007-2020 Cypress Semiconductor.  All rights reserved.
  14:Generated_Source\PSoC4/cyfitter_cfg.c **** * You may use this file only in accordance with the license, terms, conditions, 
  15:Generated_Source\PSoC4/cyfitter_cfg.c **** * disclaimers, and limitations in the end user license agreement accompanying 
  16:Generated_Source\PSoC4/cyfitter_cfg.c **** * the software package with which this file was provided.
  17:Generated_Source\PSoC4/cyfitter_cfg.c **** ********************************************************************************/
  18:Generated_Source\PSoC4/cyfitter_cfg.c **** 
  19:Generated_Source\PSoC4/cyfitter_cfg.c **** #include <string.h>
  20:Generated_Source\PSoC4/cyfitter_cfg.c **** #include "cytypes.h"
  21:Generated_Source\PSoC4/cyfitter_cfg.c **** #include "cydevice_trm.h"
  22:Generated_Source\PSoC4/cyfitter_cfg.c **** #include "cyfitter.h"
  23:Generated_Source\PSoC4/cyfitter_cfg.c **** #include "CyLib.h"
  24:Generated_Source\PSoC4/cyfitter_cfg.c **** #include "CyLFClk.h"
  25:Generated_Source\PSoC4/cyfitter_cfg.c **** #include "cyfitter_cfg.h"
  26:Generated_Source\PSoC4/cyfitter_cfg.c **** #include "cyapicallbacks.h"
  27:Generated_Source\PSoC4/cyfitter_cfg.c **** 
  28:Generated_Source\PSoC4/cyfitter_cfg.c **** 
  29:Generated_Source\PSoC4/cyfitter_cfg.c **** #if defined(__GNUC__) || defined(__ARMCC_VERSION)
  30:Generated_Source\PSoC4/cyfitter_cfg.c ****     #define CYPACKED 
  31:Generated_Source\PSoC4/cyfitter_cfg.c ****     #define CYPACKED_ATTR __attribute__ ((packed))
ARM GAS  C:\Users\Lenovo\AppData\Local\Temp\ccL1MBVM.s 			page 2


  32:Generated_Source\PSoC4/cyfitter_cfg.c ****     #define CYALIGNED __attribute__ ((aligned))
  33:Generated_Source\PSoC4/cyfitter_cfg.c ****     #define CY_CFG_UNUSED __attribute__ ((unused))
  34:Generated_Source\PSoC4/cyfitter_cfg.c ****     #ifndef CY_CFG_SECTION
  35:Generated_Source\PSoC4/cyfitter_cfg.c ****         #define CY_CFG_SECTION __attribute__ ((section(".psocinit")))
  36:Generated_Source\PSoC4/cyfitter_cfg.c ****     #endif
  37:Generated_Source\PSoC4/cyfitter_cfg.c ****     
  38:Generated_Source\PSoC4/cyfitter_cfg.c ****     #if defined(__ARMCC_VERSION)
  39:Generated_Source\PSoC4/cyfitter_cfg.c ****         #define CY_CFG_MEMORY_BARRIER() __memory_changed()
  40:Generated_Source\PSoC4/cyfitter_cfg.c ****     #else
  41:Generated_Source\PSoC4/cyfitter_cfg.c ****         #define CY_CFG_MEMORY_BARRIER() __sync_synchronize()
  42:Generated_Source\PSoC4/cyfitter_cfg.c ****     #endif
  43:Generated_Source\PSoC4/cyfitter_cfg.c ****     
  44:Generated_Source\PSoC4/cyfitter_cfg.c **** #elif defined(__ICCARM__)
  45:Generated_Source\PSoC4/cyfitter_cfg.c ****     #include <intrinsics.h>
  46:Generated_Source\PSoC4/cyfitter_cfg.c **** 
  47:Generated_Source\PSoC4/cyfitter_cfg.c ****     #define CYPACKED __packed
  48:Generated_Source\PSoC4/cyfitter_cfg.c ****     #define CYPACKED_ATTR 
  49:Generated_Source\PSoC4/cyfitter_cfg.c ****     #define CYALIGNED _Pragma("data_alignment=4")
  50:Generated_Source\PSoC4/cyfitter_cfg.c ****     #define CY_CFG_UNUSED _Pragma("diag_suppress=Pe177")
  51:Generated_Source\PSoC4/cyfitter_cfg.c ****     #define CY_CFG_SECTION _Pragma("location=\".psocinit\"")
  52:Generated_Source\PSoC4/cyfitter_cfg.c ****     
  53:Generated_Source\PSoC4/cyfitter_cfg.c ****     #define CY_CFG_MEMORY_BARRIER() __DMB()
  54:Generated_Source\PSoC4/cyfitter_cfg.c ****     
  55:Generated_Source\PSoC4/cyfitter_cfg.c **** #else
  56:Generated_Source\PSoC4/cyfitter_cfg.c ****     #error Unsupported toolchain
  57:Generated_Source\PSoC4/cyfitter_cfg.c **** #endif
  58:Generated_Source\PSoC4/cyfitter_cfg.c **** 
  59:Generated_Source\PSoC4/cyfitter_cfg.c **** #ifndef CYCODE
  60:Generated_Source\PSoC4/cyfitter_cfg.c ****     #define CYCODE
  61:Generated_Source\PSoC4/cyfitter_cfg.c **** #endif
  62:Generated_Source\PSoC4/cyfitter_cfg.c **** #ifndef CYDATA
  63:Generated_Source\PSoC4/cyfitter_cfg.c ****     #define CYDATA
  64:Generated_Source\PSoC4/cyfitter_cfg.c **** #endif
  65:Generated_Source\PSoC4/cyfitter_cfg.c **** #ifndef CYFAR
  66:Generated_Source\PSoC4/cyfitter_cfg.c ****     #define CYFAR
  67:Generated_Source\PSoC4/cyfitter_cfg.c **** #endif
  68:Generated_Source\PSoC4/cyfitter_cfg.c **** #ifndef CYXDATA
  69:Generated_Source\PSoC4/cyfitter_cfg.c ****     #define CYXDATA
  70:Generated_Source\PSoC4/cyfitter_cfg.c **** #endif
  71:Generated_Source\PSoC4/cyfitter_cfg.c **** 
  72:Generated_Source\PSoC4/cyfitter_cfg.c **** 
  73:Generated_Source\PSoC4/cyfitter_cfg.c **** CY_CFG_UNUSED
  74:Generated_Source\PSoC4/cyfitter_cfg.c **** static void CYMEMZERO(void *s, size_t n);
  75:Generated_Source\PSoC4/cyfitter_cfg.c **** CY_CFG_UNUSED
  76:Generated_Source\PSoC4/cyfitter_cfg.c **** static void CYMEMZERO(void *s, size_t n)
  77:Generated_Source\PSoC4/cyfitter_cfg.c **** {
  78:Generated_Source\PSoC4/cyfitter_cfg.c **** 	(void)memset(s, 0, n);
  79:Generated_Source\PSoC4/cyfitter_cfg.c **** }
  80:Generated_Source\PSoC4/cyfitter_cfg.c **** CY_CFG_UNUSED
  81:Generated_Source\PSoC4/cyfitter_cfg.c **** static void CYCONFIGCPY(void *dest, const void *src, size_t n);
  82:Generated_Source\PSoC4/cyfitter_cfg.c **** CY_CFG_UNUSED
  83:Generated_Source\PSoC4/cyfitter_cfg.c **** static void CYCONFIGCPY(void *dest, const void *src, size_t n)
  84:Generated_Source\PSoC4/cyfitter_cfg.c **** {
  85:Generated_Source\PSoC4/cyfitter_cfg.c **** 	(void)memcpy(dest, src, n);
  86:Generated_Source\PSoC4/cyfitter_cfg.c **** }
  87:Generated_Source\PSoC4/cyfitter_cfg.c **** CY_CFG_UNUSED
  88:Generated_Source\PSoC4/cyfitter_cfg.c **** static void CYCONFIGCPYCODE(void *dest, const void *src, size_t n);
ARM GAS  C:\Users\Lenovo\AppData\Local\Temp\ccL1MBVM.s 			page 3


  89:Generated_Source\PSoC4/cyfitter_cfg.c **** CY_CFG_UNUSED
  90:Generated_Source\PSoC4/cyfitter_cfg.c **** static void CYCONFIGCPYCODE(void *dest, const void *src, size_t n)
  91:Generated_Source\PSoC4/cyfitter_cfg.c **** {
  92:Generated_Source\PSoC4/cyfitter_cfg.c **** 	(void)memcpy(dest, src, n);
  93:Generated_Source\PSoC4/cyfitter_cfg.c **** }
  94:Generated_Source\PSoC4/cyfitter_cfg.c **** 
  95:Generated_Source\PSoC4/cyfitter_cfg.c **** 
  96:Generated_Source\PSoC4/cyfitter_cfg.c **** 
  97:Generated_Source\PSoC4/cyfitter_cfg.c **** 
  98:Generated_Source\PSoC4/cyfitter_cfg.c **** /* Clock startup error codes                                                   */
  99:Generated_Source\PSoC4/cyfitter_cfg.c **** #define CYCLOCKSTART_NO_ERROR    0u
 100:Generated_Source\PSoC4/cyfitter_cfg.c **** #define CYCLOCKSTART_XTAL_ERROR  1u
 101:Generated_Source\PSoC4/cyfitter_cfg.c **** #define CYCLOCKSTART_32KHZ_ERROR 2u
 102:Generated_Source\PSoC4/cyfitter_cfg.c **** #define CYCLOCKSTART_PLL_ERROR   3u
 103:Generated_Source\PSoC4/cyfitter_cfg.c **** #define CYCLOCKSTART_FLL_ERROR   4u
 104:Generated_Source\PSoC4/cyfitter_cfg.c **** #define CYCLOCKSTART_WCO_ERROR   5u
 105:Generated_Source\PSoC4/cyfitter_cfg.c **** 
 106:Generated_Source\PSoC4/cyfitter_cfg.c **** 
 107:Generated_Source\PSoC4/cyfitter_cfg.c **** #ifdef CY_NEED_CYCLOCKSTARTUPERROR
 108:Generated_Source\PSoC4/cyfitter_cfg.c **** /*******************************************************************************
 109:Generated_Source\PSoC4/cyfitter_cfg.c **** * Function Name: CyClockStartupError
 110:Generated_Source\PSoC4/cyfitter_cfg.c **** ********************************************************************************
 111:Generated_Source\PSoC4/cyfitter_cfg.c **** * Summary:
 112:Generated_Source\PSoC4/cyfitter_cfg.c **** *  If an error is encountered during clock configuration (crystal startup error,
 113:Generated_Source\PSoC4/cyfitter_cfg.c **** *  PLL lock error, etc.), the system will end up here.  Unless reimplemented by
 114:Generated_Source\PSoC4/cyfitter_cfg.c **** *  the customer, this function will stop in an infinite loop.
 115:Generated_Source\PSoC4/cyfitter_cfg.c **** *
 116:Generated_Source\PSoC4/cyfitter_cfg.c **** * Parameters:
 117:Generated_Source\PSoC4/cyfitter_cfg.c **** *   void
 118:Generated_Source\PSoC4/cyfitter_cfg.c **** *
 119:Generated_Source\PSoC4/cyfitter_cfg.c **** * Return:
 120:Generated_Source\PSoC4/cyfitter_cfg.c **** *   void
 121:Generated_Source\PSoC4/cyfitter_cfg.c **** *
 122:Generated_Source\PSoC4/cyfitter_cfg.c **** *******************************************************************************/
 123:Generated_Source\PSoC4/cyfitter_cfg.c **** CY_CFG_UNUSED
 124:Generated_Source\PSoC4/cyfitter_cfg.c **** static void CyClockStartupError(uint8 errorCode);
 125:Generated_Source\PSoC4/cyfitter_cfg.c **** CY_CFG_UNUSED
 126:Generated_Source\PSoC4/cyfitter_cfg.c **** static void CyClockStartupError(uint8 errorCode)
 127:Generated_Source\PSoC4/cyfitter_cfg.c **** {
 128:Generated_Source\PSoC4/cyfitter_cfg.c ****     /* To remove the compiler warning if errorCode not used.                */
 129:Generated_Source\PSoC4/cyfitter_cfg.c ****     errorCode = errorCode;
 130:Generated_Source\PSoC4/cyfitter_cfg.c **** 
 131:Generated_Source\PSoC4/cyfitter_cfg.c ****     /* If we have a clock startup error (bad MHz crystal, PLL lock, etc.),  */
 132:Generated_Source\PSoC4/cyfitter_cfg.c ****     /* we will end up here to allow the customer to implement something to  */
 133:Generated_Source\PSoC4/cyfitter_cfg.c ****     /* deal with the clock condition.                                       */
 134:Generated_Source\PSoC4/cyfitter_cfg.c **** 
 135:Generated_Source\PSoC4/cyfitter_cfg.c **** #ifdef CY_CFG_CLOCK_STARTUP_ERROR_CALLBACK
 136:Generated_Source\PSoC4/cyfitter_cfg.c ****     CY_CFG_Clock_Startup_ErrorCallback();
 137:Generated_Source\PSoC4/cyfitter_cfg.c **** #else
 138:Generated_Source\PSoC4/cyfitter_cfg.c ****     /*  If not using CY_CFG_CLOCK_STARTUP_ERROR_CALLBACK, place your clock startup code here. */
 139:Generated_Source\PSoC4/cyfitter_cfg.c ****     /* `#START CyClockStartupError` */
 140:Generated_Source\PSoC4/cyfitter_cfg.c **** 
 141:Generated_Source\PSoC4/cyfitter_cfg.c **** 
 142:Generated_Source\PSoC4/cyfitter_cfg.c **** 
 143:Generated_Source\PSoC4/cyfitter_cfg.c ****     /* `#END` */
 144:Generated_Source\PSoC4/cyfitter_cfg.c **** 
 145:Generated_Source\PSoC4/cyfitter_cfg.c ****     while(1) {}
ARM GAS  C:\Users\Lenovo\AppData\Local\Temp\ccL1MBVM.s 			page 4


 146:Generated_Source\PSoC4/cyfitter_cfg.c **** #endif /* CY_CFG_CLOCK_STARTUP_ERROR_CALLBACK */
 147:Generated_Source\PSoC4/cyfitter_cfg.c **** }
 148:Generated_Source\PSoC4/cyfitter_cfg.c **** #endif
 149:Generated_Source\PSoC4/cyfitter_cfg.c **** 
 150:Generated_Source\PSoC4/cyfitter_cfg.c **** 
 151:Generated_Source\PSoC4/cyfitter_cfg.c **** 
 152:Generated_Source\PSoC4/cyfitter_cfg.c **** /*******************************************************************************
 153:Generated_Source\PSoC4/cyfitter_cfg.c **** * Function Name: ClockSetup
 154:Generated_Source\PSoC4/cyfitter_cfg.c **** ********************************************************************************
 155:Generated_Source\PSoC4/cyfitter_cfg.c **** *
 156:Generated_Source\PSoC4/cyfitter_cfg.c **** * Summary:
 157:Generated_Source\PSoC4/cyfitter_cfg.c **** *   Performs the initialization of all of the clocks in the device based on the
 158:Generated_Source\PSoC4/cyfitter_cfg.c **** *   settings in the Clock tab of the DWR.  This includes enabling the requested
 159:Generated_Source\PSoC4/cyfitter_cfg.c **** *   clocks and setting the necessary dividers to produce the desired frequency. 
 160:Generated_Source\PSoC4/cyfitter_cfg.c **** *
 161:Generated_Source\PSoC4/cyfitter_cfg.c **** * Parameters:
 162:Generated_Source\PSoC4/cyfitter_cfg.c **** *   void
 163:Generated_Source\PSoC4/cyfitter_cfg.c **** *
 164:Generated_Source\PSoC4/cyfitter_cfg.c **** * Return:
 165:Generated_Source\PSoC4/cyfitter_cfg.c **** *   void
 166:Generated_Source\PSoC4/cyfitter_cfg.c **** *
 167:Generated_Source\PSoC4/cyfitter_cfg.c **** *******************************************************************************/
 168:Generated_Source\PSoC4/cyfitter_cfg.c **** static void ClockSetup(void);
 169:Generated_Source\PSoC4/cyfitter_cfg.c **** CY_CFG_SECTION
 170:Generated_Source\PSoC4/cyfitter_cfg.c **** static void ClockSetup(void)
 171:Generated_Source\PSoC4/cyfitter_cfg.c **** {
  27              		.loc 1 171 0
  28              		.cfi_startproc
  29              		@ args = 0, pretend = 0, frame = 0
  30              		@ frame_needed = 0, uses_anonymous_args = 0
  31 0000 70B5     		push	{r4, r5, r6, lr}
  32              		.cfi_def_cfa_offset 16
  33              		.cfi_offset 4, -16
  34              		.cfi_offset 5, -12
  35              		.cfi_offset 6, -8
  36              		.cfi_offset 14, -4
 172:Generated_Source\PSoC4/cyfitter_cfg.c **** 
 173:Generated_Source\PSoC4/cyfitter_cfg.c **** 	/* Set Flash Cycles based on max possible frequency in case a glitch occurs during ClockSetup(). *
 174:Generated_Source\PSoC4/cyfitter_cfg.c **** 	CY_SET_REG32((void CYXDATA *)(CYREG_CPUSS_FLASH_CTL), (0x0012u));
  37              		.loc 1 174 0
  38 0002 154C     		ldr	r4, .L2
  39 0004 1223     		movs	r3, #18
  40 0006 2360     		str	r3, [r4]
 175:Generated_Source\PSoC4/cyfitter_cfg.c **** 	/* Update IMO to new clock speed. */
 176:Generated_Source\PSoC4/cyfitter_cfg.c **** 	CySysClkWriteImoFreq(24u);
  41              		.loc 1 176 0
  42 0008 1820     		movs	r0, #24
  43 000a FFF7FEFF 		bl	CySysClkWriteImoFreq
  44              	.LVL0:
 177:Generated_Source\PSoC4/cyfitter_cfg.c **** 
 178:Generated_Source\PSoC4/cyfitter_cfg.c **** 	/* Setup phase aligned clocks */
 179:Generated_Source\PSoC4/cyfitter_cfg.c **** 	CY_SET_REG32((void *)CYREG_PERI_DIV_16_CTL0, 0x0000FE00u);
  45              		.loc 1 179 0
  46 000e FE22     		movs	r2, #254
  47 0010 1202     		lsls	r2, r2, #8
  48 0012 124B     		ldr	r3, .L2+4
  49 0014 1A60     		str	r2, [r3]
ARM GAS  C:\Users\Lenovo\AppData\Local\Temp\ccL1MBVM.s 			page 5


 180:Generated_Source\PSoC4/cyfitter_cfg.c **** 	CY_SET_REG32((void *)CYREG_PERI_DIV_CMD, 0x8000FF40u);
  50              		.loc 1 180 0
  51 0016 124B     		ldr	r3, .L2+8
  52 0018 124A     		ldr	r2, .L2+12
  53 001a 1A60     		str	r2, [r3]
 181:Generated_Source\PSoC4/cyfitter_cfg.c **** 	CY_SET_REG32((void *)CYREG_PERI_DIV_16_CTL1, 0x00000E00u);
  54              		.loc 1 181 0
  55 001c E021     		movs	r1, #224
  56 001e 0901     		lsls	r1, r1, #4
  57 0020 114A     		ldr	r2, .L2+16
  58 0022 1160     		str	r1, [r2]
 182:Generated_Source\PSoC4/cyfitter_cfg.c **** 	CY_SET_REG32((void *)CYREG_PERI_DIV_CMD, 0x8000FF41u);
  59              		.loc 1 182 0
  60 0024 114A     		ldr	r2, .L2+20
  61 0026 1A60     		str	r2, [r3]
 183:Generated_Source\PSoC4/cyfitter_cfg.c **** 
 184:Generated_Source\PSoC4/cyfitter_cfg.c **** 	/* CYDEV_CLK_SELECT Starting address: CYDEV_CLK_SELECT */
 185:Generated_Source\PSoC4/cyfitter_cfg.c **** 	CY_SET_REG32((void *)(CYREG_CLK_SELECT), 0x00000000u);
  62              		.loc 1 185 0
  63 0028 0025     		movs	r5, #0
  64 002a 114B     		ldr	r3, .L2+24
  65 002c 1D60     		str	r5, [r3]
 186:Generated_Source\PSoC4/cyfitter_cfg.c **** 
 187:Generated_Source\PSoC4/cyfitter_cfg.c **** 	/* CYDEV_PERI_PCLK_CTL5 Starting address: CYDEV_PERI_PCLK_CTL5 */
 188:Generated_Source\PSoC4/cyfitter_cfg.c **** 	CY_SET_REG32((void *)(CYREG_PERI_PCLK_CTL5), 0x00000040u);
  66              		.loc 1 188 0
  67 002e 4022     		movs	r2, #64
  68 0030 104B     		ldr	r3, .L2+28
  69 0032 1A60     		str	r2, [r3]
 189:Generated_Source\PSoC4/cyfitter_cfg.c **** 
 190:Generated_Source\PSoC4/cyfitter_cfg.c **** 	/* CYDEV_PERI_PCLK_CTL0 Starting address: CYDEV_PERI_PCLK_CTL0 */
 191:Generated_Source\PSoC4/cyfitter_cfg.c **** 	CY_SET_REG32((void *)(CYREG_PERI_PCLK_CTL0), 0x00000041u);
  70              		.loc 1 191 0
  71 0034 0132     		adds	r2, r2, #1
  72 0036 104B     		ldr	r3, .L2+32
  73 0038 1A60     		str	r2, [r3]
 192:Generated_Source\PSoC4/cyfitter_cfg.c **** 
 193:Generated_Source\PSoC4/cyfitter_cfg.c **** 	(void)CyIntSetVector(14u, &CySysTimerIsr);
  74              		.loc 1 193 0
  75 003a 1049     		ldr	r1, .L2+36
  76 003c 0E20     		movs	r0, #14
  77 003e FFF7FEFF 		bl	CyIntSetVector
  78              	.LVL1:
 194:Generated_Source\PSoC4/cyfitter_cfg.c **** 	CyIntEnable(14u);
  79              		.loc 1 194 0
  80 0042 0E20     		movs	r0, #14
  81 0044 FFF7FEFF 		bl	CyIntEnable
  82              	.LVL2:
 195:Generated_Source\PSoC4/cyfitter_cfg.c **** 	CY_SET_REG32((void *)(CYREG_WCO_WDT_CONFIG), 0x00000000u);
  83              		.loc 1 195 0
  84 0048 0D4B     		ldr	r3, .L2+40
  85 004a 1D60     		str	r5, [r3]
 196:Generated_Source\PSoC4/cyfitter_cfg.c **** 	CySysClkSetTimerSource(CY_SYS_CLK_TIMER_SRC_ILO);
  86              		.loc 1 196 0
  87 004c 0020     		movs	r0, #0
  88 004e FFF7FEFF 		bl	CySysClkSetTimerSource
  89              	.LVL3:
ARM GAS  C:\Users\Lenovo\AppData\Local\Temp\ccL1MBVM.s 			page 6


 197:Generated_Source\PSoC4/cyfitter_cfg.c **** 	/* Set Flash Cycles based on newly configured 24.00MHz HFCLK. */
 198:Generated_Source\PSoC4/cyfitter_cfg.c **** 	CY_SET_REG32((void CYXDATA *)(CYREG_CPUSS_FLASH_CTL), (0x0011u));
  90              		.loc 1 198 0
  91 0052 1123     		movs	r3, #17
  92 0054 2360     		str	r3, [r4]
 199:Generated_Source\PSoC4/cyfitter_cfg.c **** }
  93              		.loc 1 199 0
  94              		@ sp needed
  95 0056 70BD     		pop	{r4, r5, r6, pc}
  96              	.L3:
  97              		.align	2
  98              	.L2:
  99 0058 30001040 		.word	1074790448
 100 005c 00030140 		.word	1073808128
 101 0060 00000140 		.word	1073807360
 102 0064 40FF0080 		.word	-2147418304
 103 0068 04030140 		.word	1073808132
 104 006c 41FF0080 		.word	-2147418303
 105 0070 28000340 		.word	1073938472
 106 0074 14010140 		.word	1073807636
 107 0078 00010140 		.word	1073807616
 108 007c 00000000 		.word	CySysTimerIsr
 109 0080 0C022240 		.word	1075970572
 110              		.cfi_endproc
 111              	.LFE4:
 112              		.size	ClockSetup, .-ClockSetup
 113              		.section	.text.SetAnalogRoutingPumps,"ax",%progbits
 114              		.align	2
 115              		.global	SetAnalogRoutingPumps
 116              		.code	16
 117              		.thumb_func
 118              		.type	SetAnalogRoutingPumps, %function
 119              	SetAnalogRoutingPumps:
 120              	.LFB6:
 200:Generated_Source\PSoC4/cyfitter_cfg.c **** 
 201:Generated_Source\PSoC4/cyfitter_cfg.c **** 
 202:Generated_Source\PSoC4/cyfitter_cfg.c **** /* Analog API Functions */
 203:Generated_Source\PSoC4/cyfitter_cfg.c **** 
 204:Generated_Source\PSoC4/cyfitter_cfg.c **** 
 205:Generated_Source\PSoC4/cyfitter_cfg.c **** /*******************************************************************************
 206:Generated_Source\PSoC4/cyfitter_cfg.c **** * Function Name: AnalogSetDefault
 207:Generated_Source\PSoC4/cyfitter_cfg.c **** ********************************************************************************
 208:Generated_Source\PSoC4/cyfitter_cfg.c **** *
 209:Generated_Source\PSoC4/cyfitter_cfg.c **** * Summary:
 210:Generated_Source\PSoC4/cyfitter_cfg.c **** *  Sets up the analog portions of the chip to default values based on chip
 211:Generated_Source\PSoC4/cyfitter_cfg.c **** *  configuration options from the project.
 212:Generated_Source\PSoC4/cyfitter_cfg.c **** *
 213:Generated_Source\PSoC4/cyfitter_cfg.c **** * Parameters:
 214:Generated_Source\PSoC4/cyfitter_cfg.c **** *  void
 215:Generated_Source\PSoC4/cyfitter_cfg.c **** *
 216:Generated_Source\PSoC4/cyfitter_cfg.c **** * Return:
 217:Generated_Source\PSoC4/cyfitter_cfg.c **** *  void
 218:Generated_Source\PSoC4/cyfitter_cfg.c **** *
 219:Generated_Source\PSoC4/cyfitter_cfg.c **** *******************************************************************************/
 220:Generated_Source\PSoC4/cyfitter_cfg.c **** static void AnalogSetDefault(void);
 221:Generated_Source\PSoC4/cyfitter_cfg.c **** static void AnalogSetDefault(void)
 222:Generated_Source\PSoC4/cyfitter_cfg.c **** {
ARM GAS  C:\Users\Lenovo\AppData\Local\Temp\ccL1MBVM.s 			page 7


 223:Generated_Source\PSoC4/cyfitter_cfg.c **** 	CY_SET_XTND_REG32((void CYFAR *)CYREG_CSD_SW_BYP_SEL, 0x00001000u);
 224:Generated_Source\PSoC4/cyfitter_cfg.c **** 	CY_SET_XTND_REG32((void CYFAR *)CYREG_CSD_SW_DSI_SEL, 0x00000010u);
 225:Generated_Source\PSoC4/cyfitter_cfg.c **** 	CY_SET_XTND_REG32((void CYFAR *)CYREG_CTBM0_DFT_CTRL, 0x00000003u);
 226:Generated_Source\PSoC4/cyfitter_cfg.c **** 	CY_SET_XTND_REG32((void CYFAR *)CYREG_PASS0_DSAB_DSAB_CTRL, 0x00000020u);
 227:Generated_Source\PSoC4/cyfitter_cfg.c **** 	CY_SET_XTND_REG32((void CYFAR *)CYREG_CTBM1_DFT_CTRL, 0x00000003u);
 228:Generated_Source\PSoC4/cyfitter_cfg.c **** 	CY_SET_XTND_REG32((void CYFAR *)CYREG_PASS1_DSAB_DSAB_CTRL, 0x00000020u);
 229:Generated_Source\PSoC4/cyfitter_cfg.c **** 	SetAnalogRoutingPumps(1);
 230:Generated_Source\PSoC4/cyfitter_cfg.c **** }
 231:Generated_Source\PSoC4/cyfitter_cfg.c **** 
 232:Generated_Source\PSoC4/cyfitter_cfg.c **** 
 233:Generated_Source\PSoC4/cyfitter_cfg.c **** /*******************************************************************************
 234:Generated_Source\PSoC4/cyfitter_cfg.c **** * Function Name: SetAnalogRoutingPumps
 235:Generated_Source\PSoC4/cyfitter_cfg.c **** ********************************************************************************
 236:Generated_Source\PSoC4/cyfitter_cfg.c **** *
 237:Generated_Source\PSoC4/cyfitter_cfg.c **** * Summary:
 238:Generated_Source\PSoC4/cyfitter_cfg.c **** * Enables or disables the analog pumps feeding analog routing switches.
 239:Generated_Source\PSoC4/cyfitter_cfg.c **** * Intended to be called at startup, based on the Vdda system configuration;
 240:Generated_Source\PSoC4/cyfitter_cfg.c **** * may be called during operation when the user informs us that the Vdda voltage crossed the pump th
 241:Generated_Source\PSoC4/cyfitter_cfg.c **** *
 242:Generated_Source\PSoC4/cyfitter_cfg.c **** * Parameters:
 243:Generated_Source\PSoC4/cyfitter_cfg.c **** *  enabled - 1 to enable the pumps, 0 to disable the pumps
 244:Generated_Source\PSoC4/cyfitter_cfg.c **** *
 245:Generated_Source\PSoC4/cyfitter_cfg.c **** * Return:
 246:Generated_Source\PSoC4/cyfitter_cfg.c **** *  void
 247:Generated_Source\PSoC4/cyfitter_cfg.c **** *
 248:Generated_Source\PSoC4/cyfitter_cfg.c **** *******************************************************************************/
 249:Generated_Source\PSoC4/cyfitter_cfg.c **** void SetAnalogRoutingPumps(uint8 enabled)
 250:Generated_Source\PSoC4/cyfitter_cfg.c **** {
 121              		.loc 1 250 0
 122              		.cfi_startproc
 123              		@ args = 0, pretend = 0, frame = 0
 124              		@ frame_needed = 0, uses_anonymous_args = 0
 125              		@ link register save eliminated.
 126              	.LVL4:
 251:Generated_Source\PSoC4/cyfitter_cfg.c **** 	uint32 regValue = CY_GET_XTND_REG32((void *)(CYREG_SAR0_PUMP_CTRL));
 127              		.loc 1 251 0
 128 0000 114B     		ldr	r3, .L11
 129 0002 1B68     		ldr	r3, [r3]
 130              	.LVL5:
 252:Generated_Source\PSoC4/cyfitter_cfg.c **** 	if (enabled != 0u)
 131              		.loc 1 252 0
 132 0004 0028     		cmp	r0, #0
 133 0006 03D0     		beq	.L5
 253:Generated_Source\PSoC4/cyfitter_cfg.c **** 	{
 254:Generated_Source\PSoC4/cyfitter_cfg.c **** 		regValue |= 0x80000000u;
 134              		.loc 1 254 0
 135 0008 8022     		movs	r2, #128
 136 000a 1206     		lsls	r2, r2, #24
 137 000c 1343     		orrs	r3, r2
 138              	.LVL6:
 139 000e 01E0     		b	.L6
 140              	.L5:
 255:Generated_Source\PSoC4/cyfitter_cfg.c **** 	}
 256:Generated_Source\PSoC4/cyfitter_cfg.c **** 	else
 257:Generated_Source\PSoC4/cyfitter_cfg.c **** 	{
 258:Generated_Source\PSoC4/cyfitter_cfg.c **** 		regValue &= ~0x80000000u;
 141              		.loc 1 258 0
ARM GAS  C:\Users\Lenovo\AppData\Local\Temp\ccL1MBVM.s 			page 8


 142 0010 5B00     		lsls	r3, r3, #1
 143              	.LVL7:
 144 0012 5B08     		lsrs	r3, r3, #1
 145              	.LVL8:
 146              	.L6:
 259:Generated_Source\PSoC4/cyfitter_cfg.c **** 	}
 260:Generated_Source\PSoC4/cyfitter_cfg.c **** 	CY_SET_XTND_REG32((void *)(CYREG_SAR0_PUMP_CTRL), regValue);
 147              		.loc 1 260 0
 148 0014 0C4A     		ldr	r2, .L11
 149 0016 1360     		str	r3, [r2]
 261:Generated_Source\PSoC4/cyfitter_cfg.c **** 
 262:Generated_Source\PSoC4/cyfitter_cfg.c **** 	regValue = CY_GET_XTND_REG32((void *)(CYREG_SAR1_PUMP_CTRL));
 150              		.loc 1 262 0
 151 0018 0C4B     		ldr	r3, .L11+4
 152              	.LVL9:
 153 001a 1B68     		ldr	r3, [r3]
 154              	.LVL10:
 263:Generated_Source\PSoC4/cyfitter_cfg.c **** 	if (enabled != 0u)
 155              		.loc 1 263 0
 156 001c 0028     		cmp	r0, #0
 157 001e 03D0     		beq	.L7
 264:Generated_Source\PSoC4/cyfitter_cfg.c **** 	{
 265:Generated_Source\PSoC4/cyfitter_cfg.c **** 		regValue |= 0x80000000u;
 158              		.loc 1 265 0
 159 0020 8022     		movs	r2, #128
 160 0022 1206     		lsls	r2, r2, #24
 161 0024 1343     		orrs	r3, r2
 162              	.LVL11:
 163 0026 01E0     		b	.L8
 164              	.L7:
 266:Generated_Source\PSoC4/cyfitter_cfg.c **** 	}
 267:Generated_Source\PSoC4/cyfitter_cfg.c **** 	else
 268:Generated_Source\PSoC4/cyfitter_cfg.c **** 	{
 269:Generated_Source\PSoC4/cyfitter_cfg.c **** 		regValue &= ~0x80000000u;
 165              		.loc 1 269 0
 166 0028 5B00     		lsls	r3, r3, #1
 167              	.LVL12:
 168 002a 5B08     		lsrs	r3, r3, #1
 169              	.LVL13:
 170              	.L8:
 270:Generated_Source\PSoC4/cyfitter_cfg.c **** 	}
 271:Generated_Source\PSoC4/cyfitter_cfg.c **** 	CY_SET_XTND_REG32((void *)(CYREG_SAR1_PUMP_CTRL), regValue);
 171              		.loc 1 271 0
 172 002c 074A     		ldr	r2, .L11+4
 173 002e 1360     		str	r3, [r2]
 272:Generated_Source\PSoC4/cyfitter_cfg.c **** 	regValue = CY_GET_XTND_REG32((void *)(CYREG_CLK_SELECT));
 174              		.loc 1 272 0
 175 0030 074B     		ldr	r3, .L11+8
 176              	.LVL14:
 177 0032 1B68     		ldr	r3, [r3]
 178              	.LVL15:
 273:Generated_Source\PSoC4/cyfitter_cfg.c **** 	if (enabled != 0u)
 179              		.loc 1 273 0
 180 0034 0028     		cmp	r0, #0
 181 0036 02D0     		beq	.L9
 274:Generated_Source\PSoC4/cyfitter_cfg.c **** 	{
 275:Generated_Source\PSoC4/cyfitter_cfg.c **** 		regValue |= 0x00000020u;
ARM GAS  C:\Users\Lenovo\AppData\Local\Temp\ccL1MBVM.s 			page 9


 182              		.loc 1 275 0
 183 0038 2022     		movs	r2, #32
 184 003a 1343     		orrs	r3, r2
 185              	.LVL16:
 186 003c 01E0     		b	.L10
 187              	.L9:
 276:Generated_Source\PSoC4/cyfitter_cfg.c **** 	}
 277:Generated_Source\PSoC4/cyfitter_cfg.c **** 	else
 278:Generated_Source\PSoC4/cyfitter_cfg.c **** 	{
 279:Generated_Source\PSoC4/cyfitter_cfg.c **** 		regValue &= ~0x00000020u;
 188              		.loc 1 279 0
 189 003e 2022     		movs	r2, #32
 190 0040 9343     		bics	r3, r2
 191              	.LVL17:
 192              	.L10:
 280:Generated_Source\PSoC4/cyfitter_cfg.c **** 	}
 281:Generated_Source\PSoC4/cyfitter_cfg.c **** 	CY_SET_XTND_REG32((void *)(CYREG_CLK_SELECT), regValue);
 193              		.loc 1 281 0
 194 0042 034A     		ldr	r2, .L11+8
 195 0044 1360     		str	r3, [r2]
 282:Generated_Source\PSoC4/cyfitter_cfg.c **** }
 196              		.loc 1 282 0
 197              		@ sp needed
 198 0046 7047     		bx	lr
 199              	.L12:
 200              		.align	2
 201              	.L11:
 202 0048 80033A40 		.word	1077543808
 203 004c 80034A40 		.word	1078592384
 204 0050 28000340 		.word	1073938472
 205              		.cfi_endproc
 206              	.LFE6:
 207              		.size	SetAnalogRoutingPumps, .-SetAnalogRoutingPumps
 208              		.section	.text.AnalogSetDefault,"ax",%progbits
 209              		.align	2
 210              		.code	16
 211              		.thumb_func
 212              		.type	AnalogSetDefault, %function
 213              	AnalogSetDefault:
 214              	.LFB5:
 222:Generated_Source\PSoC4/cyfitter_cfg.c **** 	CY_SET_XTND_REG32((void CYFAR *)CYREG_CSD_SW_BYP_SEL, 0x00001000u);
 215              		.loc 1 222 0
 216              		.cfi_startproc
 217              		@ args = 0, pretend = 0, frame = 0
 218              		@ frame_needed = 0, uses_anonymous_args = 0
 219 0000 10B5     		push	{r4, lr}
 220              		.cfi_def_cfa_offset 8
 221              		.cfi_offset 4, -8
 222              		.cfi_offset 14, -4
 223:Generated_Source\PSoC4/cyfitter_cfg.c **** 	CY_SET_XTND_REG32((void CYFAR *)CYREG_CSD_SW_DSI_SEL, 0x00000010u);
 223              		.loc 1 223 0
 224 0002 8022     		movs	r2, #128
 225 0004 5201     		lsls	r2, r2, #5
 226 0006 094B     		ldr	r3, .L14
 227 0008 1A60     		str	r2, [r3]
 224:Generated_Source\PSoC4/cyfitter_cfg.c **** 	CY_SET_XTND_REG32((void CYFAR *)CYREG_CTBM0_DFT_CTRL, 0x00000003u);
 228              		.loc 1 224 0
ARM GAS  C:\Users\Lenovo\AppData\Local\Temp\ccL1MBVM.s 			page 10


 229 000a 1022     		movs	r2, #16
 230 000c 084B     		ldr	r3, .L14+4
 231 000e 1A60     		str	r2, [r3]
 225:Generated_Source\PSoC4/cyfitter_cfg.c **** 	CY_SET_XTND_REG32((void CYFAR *)CYREG_PASS0_DSAB_DSAB_CTRL, 0x00000020u);
 232              		.loc 1 225 0
 233 0010 0D3A     		subs	r2, r2, #13
 234 0012 084B     		ldr	r3, .L14+8
 235 0014 1A60     		str	r2, [r3]
 226:Generated_Source\PSoC4/cyfitter_cfg.c **** 	CY_SET_XTND_REG32((void CYFAR *)CYREG_CTBM1_DFT_CTRL, 0x00000003u);
 236              		.loc 1 226 0
 237 0016 2023     		movs	r3, #32
 238 0018 0749     		ldr	r1, .L14+12
 239 001a 0B60     		str	r3, [r1]
 227:Generated_Source\PSoC4/cyfitter_cfg.c **** 	CY_SET_XTND_REG32((void CYFAR *)CYREG_PASS1_DSAB_DSAB_CTRL, 0x00000020u);
 240              		.loc 1 227 0
 241 001c 0749     		ldr	r1, .L14+16
 242 001e 0A60     		str	r2, [r1]
 228:Generated_Source\PSoC4/cyfitter_cfg.c **** 	SetAnalogRoutingPumps(1);
 243              		.loc 1 228 0
 244 0020 074A     		ldr	r2, .L14+20
 245 0022 1360     		str	r3, [r2]
 229:Generated_Source\PSoC4/cyfitter_cfg.c **** }
 246              		.loc 1 229 0
 247 0024 0120     		movs	r0, #1
 248 0026 FFF7FEFF 		bl	SetAnalogRoutingPumps
 249              	.LVL18:
 230:Generated_Source\PSoC4/cyfitter_cfg.c **** 
 250              		.loc 1 230 0
 251              		@ sp needed
 252 002a 10BD     		pop	{r4, pc}
 253              	.L15:
 254              		.align	2
 255              	.L14:
 256 002c 94022940 		.word	1076429460
 257 0030 C0022940 		.word	1076429504
 258 0034 30003040 		.word	1076887600
 259 0038 000E3F40 		.word	1077874176
 260 003c 30004040 		.word	1077936176
 261 0040 000E4F40 		.word	1078922752
 262              		.cfi_endproc
 263              	.LFE5:
 264              		.size	AnalogSetDefault, .-AnalogSetDefault
 265              		.section	.psocinit
 266              		.align	2
 267              		.global	cyfitter_cfg
 268              		.code	16
 269              		.thumb_func
 270              		.type	cyfitter_cfg, %function
 271              	cyfitter_cfg:
 272              	.LFB7:
 283:Generated_Source\PSoC4/cyfitter_cfg.c **** 
 284:Generated_Source\PSoC4/cyfitter_cfg.c **** 
 285:Generated_Source\PSoC4/cyfitter_cfg.c **** #define CY_AMUX_UNUSED CYREG_CM0P_ROM_DWT
 286:Generated_Source\PSoC4/cyfitter_cfg.c **** 
 287:Generated_Source\PSoC4/cyfitter_cfg.c **** 
 288:Generated_Source\PSoC4/cyfitter_cfg.c **** /*******************************************************************************
 289:Generated_Source\PSoC4/cyfitter_cfg.c **** * Function Name: cyfitter_cfg
ARM GAS  C:\Users\Lenovo\AppData\Local\Temp\ccL1MBVM.s 			page 11


 290:Generated_Source\PSoC4/cyfitter_cfg.c **** ********************************************************************************
 291:Generated_Source\PSoC4/cyfitter_cfg.c **** * Summary:
 292:Generated_Source\PSoC4/cyfitter_cfg.c **** *  This function is called by the start-up code for the selected device. It
 293:Generated_Source\PSoC4/cyfitter_cfg.c **** *  performs all of the necessary device configuration based on the design
 294:Generated_Source\PSoC4/cyfitter_cfg.c **** *  settings.  This includes settings from the Design Wide Resources (DWR) such
 295:Generated_Source\PSoC4/cyfitter_cfg.c **** *  as Clocks and Pins as well as any component configuration that is necessary.
 296:Generated_Source\PSoC4/cyfitter_cfg.c **** *
 297:Generated_Source\PSoC4/cyfitter_cfg.c **** * Parameters:
 298:Generated_Source\PSoC4/cyfitter_cfg.c **** *   void
 299:Generated_Source\PSoC4/cyfitter_cfg.c **** *
 300:Generated_Source\PSoC4/cyfitter_cfg.c **** * Return:
 301:Generated_Source\PSoC4/cyfitter_cfg.c **** *   void
 302:Generated_Source\PSoC4/cyfitter_cfg.c **** *
 303:Generated_Source\PSoC4/cyfitter_cfg.c **** *******************************************************************************/
 304:Generated_Source\PSoC4/cyfitter_cfg.c **** CY_CFG_SECTION
 305:Generated_Source\PSoC4/cyfitter_cfg.c **** void cyfitter_cfg(void)
 306:Generated_Source\PSoC4/cyfitter_cfg.c **** {
 273              		.loc 1 306 0
 274              		.cfi_startproc
 275              		@ args = 0, pretend = 0, frame = 0
 276              		@ frame_needed = 0, uses_anonymous_args = 0
 277 0084 10B5     		push	{r4, lr}
 278              		.cfi_def_cfa_offset 8
 279              		.cfi_offset 4, -8
 280              		.cfi_offset 14, -4
 307:Generated_Source\PSoC4/cyfitter_cfg.c **** 	/* Disable interrupts by default. Let user enable if/when they want. */
 308:Generated_Source\PSoC4/cyfitter_cfg.c **** 	CyGlobalIntDisable;
 281              		.loc 1 308 0
 282              		.syntax divided
 283              	@ 308 "Generated_Source\PSoC4\cyfitter_cfg.c" 1
 284 0086 72B6     		CPSID   i
 285              	@ 0 "" 2
 309:Generated_Source\PSoC4/cyfitter_cfg.c **** 
 310:Generated_Source\PSoC4/cyfitter_cfg.c **** 	{
 311:Generated_Source\PSoC4/cyfitter_cfg.c **** 		/* HSIOM Starting address: CYDEV_HSIOM_BASE */
 312:Generated_Source\PSoC4/cyfitter_cfg.c **** 		CY_SET_REG32((void *)(CYREG_HSIOM_PORT_SEL1), 0x000000EEu);
 286              		.loc 1 312 0
 287              		.thumb
 288              		.syntax unified
 289 0088 EE22     		movs	r2, #238
 290 008a 0D4B     		ldr	r3, .L17
 291 008c 1A60     		str	r2, [r3]
 313:Generated_Source\PSoC4/cyfitter_cfg.c **** 		CY_SET_REG32((void *)(CYREG_HSIOM_PORT_SEL3), 0x0000EE00u);
 292              		.loc 1 313 0
 293 008e EE22     		movs	r2, #238
 294 0090 1202     		lsls	r2, r2, #8
 295 0092 0C4B     		ldr	r3, .L17+4
 296 0094 1A60     		str	r2, [r3]
 314:Generated_Source\PSoC4/cyfitter_cfg.c **** 
 315:Generated_Source\PSoC4/cyfitter_cfg.c **** 	}
 316:Generated_Source\PSoC4/cyfitter_cfg.c **** 
 317:Generated_Source\PSoC4/cyfitter_cfg.c **** 	/* Perform second pass device configuration. These items must be configured in specific order afte
 318:Generated_Source\PSoC4/cyfitter_cfg.c **** 	/* IOPINS0_0 Starting address: CYDEV_GPIO_PRT0_BASE */
 319:Generated_Source\PSoC4/cyfitter_cfg.c **** 	CY_SET_REG32((void *)(CYREG_GPIO_PRT0_PC2), 0x00000010u);
 297              		.loc 1 319 0
 298 0096 1022     		movs	r2, #16
 299 0098 0B4B     		ldr	r3, .L17+8
ARM GAS  C:\Users\Lenovo\AppData\Local\Temp\ccL1MBVM.s 			page 12


 300 009a 1A60     		str	r2, [r3]
 320:Generated_Source\PSoC4/cyfitter_cfg.c **** 
 321:Generated_Source\PSoC4/cyfitter_cfg.c **** 	/* IOPINS0_1 Starting address: CYDEV_GPIO_PRT1_BASE */
 322:Generated_Source\PSoC4/cyfitter_cfg.c **** 	CY_SET_REG32((void *)(CYDEV_GPIO_PRT1_BASE), 0x00000043u);
 301              		.loc 1 322 0
 302 009c 3332     		adds	r2, r2, #51
 303 009e 0B4B     		ldr	r3, .L17+12
 304 00a0 1A60     		str	r2, [r3]
 323:Generated_Source\PSoC4/cyfitter_cfg.c **** 	CY_SET_REG32((void *)(CYREG_GPIO_PRT1_PC), 0x00180024u);
 305              		.loc 1 323 0
 306 00a2 0B4A     		ldr	r2, .L17+16
 307 00a4 0B4B     		ldr	r3, .L17+20
 308 00a6 1A60     		str	r2, [r3]
 324:Generated_Source\PSoC4/cyfitter_cfg.c **** 
 325:Generated_Source\PSoC4/cyfitter_cfg.c **** 	/* IOPINS0_3 Starting address: CYDEV_GPIO_PRT3_BASE */
 326:Generated_Source\PSoC4/cyfitter_cfg.c **** 	CY_SET_REG32((void *)(CYREG_GPIO_PRT3_PC), 0x00000D80u);
 309              		.loc 1 326 0
 310 00a8 D822     		movs	r2, #216
 311 00aa 1201     		lsls	r2, r2, #4
 312 00ac 0A4B     		ldr	r3, .L17+24
 313 00ae 1A60     		str	r2, [r3]
 327:Generated_Source\PSoC4/cyfitter_cfg.c **** 
 328:Generated_Source\PSoC4/cyfitter_cfg.c **** 	/* IOPINS0_4 Starting address: CYDEV_GPIO_PRT4_BASE */
 329:Generated_Source\PSoC4/cyfitter_cfg.c **** 	CY_SET_REG32((void *)(CYREG_GPIO_PRT4_PC2), 0x00000006u);
 314              		.loc 1 329 0
 315 00b0 0622     		movs	r2, #6
 316 00b2 0A4B     		ldr	r3, .L17+28
 317 00b4 1A60     		str	r2, [r3]
 330:Generated_Source\PSoC4/cyfitter_cfg.c **** 
 331:Generated_Source\PSoC4/cyfitter_cfg.c **** 
 332:Generated_Source\PSoC4/cyfitter_cfg.c **** 	/* Setup clocks based on selections from Clock DWR */
 333:Generated_Source\PSoC4/cyfitter_cfg.c **** 	ClockSetup();
 318              		.loc 1 333 0
 319 00b6 FFF7A3FF 		bl	ClockSetup
 320              	.LVL19:
 334:Generated_Source\PSoC4/cyfitter_cfg.c **** 
 335:Generated_Source\PSoC4/cyfitter_cfg.c **** 	/* Perform basic analog initialization to defaults */
 336:Generated_Source\PSoC4/cyfitter_cfg.c **** 	AnalogSetDefault();
 321              		.loc 1 336 0
 322 00ba FFF7FEFF 		bl	AnalogSetDefault
 323              	.LVL20:
 337:Generated_Source\PSoC4/cyfitter_cfg.c **** 
 338:Generated_Source\PSoC4/cyfitter_cfg.c **** }
 324              		.loc 1 338 0
 325              		@ sp needed
 326 00be 10BD     		pop	{r4, pc}
 327              	.L18:
 328              		.align	2
 329              	.L17:
 330 00c0 00010240 		.word	1073873152
 331 00c4 00030240 		.word	1073873664
 332 00c8 18000440 		.word	1074003992
 333 00cc 00010440 		.word	1074004224
 334 00d0 24001800 		.word	1572900
 335 00d4 08010440 		.word	1074004232
 336 00d8 08030440 		.word	1074004744
 337 00dc 18040440 		.word	1074005016
ARM GAS  C:\Users\Lenovo\AppData\Local\Temp\ccL1MBVM.s 			page 13


 338              		.cfi_endproc
 339              	.LFE7:
 340              		.size	cyfitter_cfg, .-cyfitter_cfg
 341              		.text
 342              	.Letext0:
 343              		.file 2 "Generated_Source\\PSoC4\\cytypes.h"
 344              		.file 3 "Generated_Source\\PSoC4\\CyLib.h"
 345              		.file 4 "Generated_Source\\PSoC4\\CyLFClk.h"
 346              		.section	.debug_info,"",%progbits
 347              	.Ldebug_info0:
 348 0000 BF010000 		.4byte	0x1bf
 349 0004 0400     		.2byte	0x4
 350 0006 00000000 		.4byte	.Ldebug_abbrev0
 351 000a 04       		.byte	0x4
 352 000b 01       		.uleb128 0x1
 353 000c 7C010000 		.4byte	.LASF25
 354 0010 0C       		.byte	0xc
 355 0011 1A020000 		.4byte	.LASF26
 356 0015 6F000000 		.4byte	.LASF27
 357 0019 00000000 		.4byte	.Ldebug_ranges0+0
 358 001d 00000000 		.4byte	0
 359 0021 00000000 		.4byte	.Ldebug_line0
 360 0025 02       		.uleb128 0x2
 361 0026 04       		.byte	0x4
 362 0027 05       		.byte	0x5
 363 0028 696E7400 		.ascii	"int\000"
 364 002c 03       		.uleb128 0x3
 365 002d 04       		.byte	0x4
 366 002e 07       		.byte	0x7
 367 002f 00010000 		.4byte	.LASF0
 368 0033 03       		.uleb128 0x3
 369 0034 08       		.byte	0x8
 370 0035 05       		.byte	0x5
 371 0036 2D010000 		.4byte	.LASF1
 372 003a 03       		.uleb128 0x3
 373 003b 08       		.byte	0x8
 374 003c 04       		.byte	0x4
 375 003d 70010000 		.4byte	.LASF2
 376 0041 03       		.uleb128 0x3
 377 0042 01       		.byte	0x1
 378 0043 06       		.byte	0x6
 379 0044 0E020000 		.4byte	.LASF3
 380 0048 03       		.uleb128 0x3
 381 0049 01       		.byte	0x1
 382 004a 08       		.byte	0x8
 383 004b 61000000 		.4byte	.LASF4
 384 004f 03       		.uleb128 0x3
 385 0050 02       		.byte	0x2
 386 0051 05       		.byte	0x5
 387 0052 48010000 		.4byte	.LASF5
 388 0056 03       		.uleb128 0x3
 389 0057 02       		.byte	0x2
 390 0058 07       		.byte	0x7
 391 0059 48000000 		.4byte	.LASF6
 392 005d 03       		.uleb128 0x3
 393 005e 04       		.byte	0x4
 394 005f 05       		.byte	0x5
ARM GAS  C:\Users\Lenovo\AppData\Local\Temp\ccL1MBVM.s 			page 14


 395 0060 67010000 		.4byte	.LASF7
 396 0064 03       		.uleb128 0x3
 397 0065 04       		.byte	0x4
 398 0066 07       		.byte	0x7
 399 0067 AB000000 		.4byte	.LASF8
 400 006b 03       		.uleb128 0x3
 401 006c 08       		.byte	0x8
 402 006d 07       		.byte	0x7
 403 006e 0D010000 		.4byte	.LASF9
 404 0072 03       		.uleb128 0x3
 405 0073 04       		.byte	0x4
 406 0074 07       		.byte	0x7
 407 0075 24010000 		.4byte	.LASF10
 408 0079 03       		.uleb128 0x3
 409 007a 01       		.byte	0x1
 410 007b 08       		.byte	0x8
 411 007c 3B010000 		.4byte	.LASF11
 412 0080 04       		.uleb128 0x4
 413 0081 BD000000 		.4byte	.LASF12
 414 0085 02       		.byte	0x2
 415 0086 FB01     		.2byte	0x1fb
 416 0088 48000000 		.4byte	0x48
 417 008c 04       		.uleb128 0x4
 418 008d F9000000 		.4byte	.LASF13
 419 0091 02       		.byte	0x2
 420 0092 FD01     		.2byte	0x1fd
 421 0094 64000000 		.4byte	0x64
 422 0098 03       		.uleb128 0x3
 423 0099 04       		.byte	0x4
 424 009a 04       		.byte	0x4
 425 009b 5B000000 		.4byte	.LASF14
 426 009f 03       		.uleb128 0x3
 427 00a0 08       		.byte	0x8
 428 00a1 04       		.byte	0x4
 429 00a2 E6000000 		.4byte	.LASF15
 430 00a6 04       		.uleb128 0x4
 431 00a7 00000000 		.4byte	.LASF16
 432 00ab 02       		.byte	0x2
 433 00ac A702     		.2byte	0x2a7
 434 00ae B2000000 		.4byte	0xb2
 435 00b2 05       		.uleb128 0x5
 436 00b3 8C000000 		.4byte	0x8c
 437 00b7 06       		.uleb128 0x6
 438 00b8 3D000000 		.4byte	.LASF17
 439 00bc 01       		.byte	0x1
 440 00bd AA       		.byte	0xaa
 441 00be 00000000 		.4byte	.LFB4
 442 00c2 84000000 		.4byte	.LFE4-.LFB4
 443 00c6 01       		.uleb128 0x1
 444 00c7 9C       		.byte	0x9c
 445 00c8 16010000 		.4byte	0x116
 446 00cc 07       		.uleb128 0x7
 447 00cd 0E000000 		.4byte	.LVL0
 448 00d1 96010000 		.4byte	0x196
 449 00d5 DF000000 		.4byte	0xdf
 450 00d9 08       		.uleb128 0x8
 451 00da 01       		.uleb128 0x1
ARM GAS  C:\Users\Lenovo\AppData\Local\Temp\ccL1MBVM.s 			page 15


 452 00db 50       		.byte	0x50
 453 00dc 01       		.uleb128 0x1
 454 00dd 48       		.byte	0x48
 455 00de 00       		.byte	0
 456 00df 07       		.uleb128 0x7
 457 00e0 42000000 		.4byte	.LVL1
 458 00e4 A1010000 		.4byte	0x1a1
 459 00e8 F2000000 		.4byte	0xf2
 460 00ec 08       		.uleb128 0x8
 461 00ed 01       		.uleb128 0x1
 462 00ee 50       		.byte	0x50
 463 00ef 01       		.uleb128 0x1
 464 00f0 3E       		.byte	0x3e
 465 00f1 00       		.byte	0
 466 00f2 07       		.uleb128 0x7
 467 00f3 48000000 		.4byte	.LVL2
 468 00f7 AC010000 		.4byte	0x1ac
 469 00fb 05010000 		.4byte	0x105
 470 00ff 08       		.uleb128 0x8
 471 0100 01       		.uleb128 0x1
 472 0101 50       		.byte	0x50
 473 0102 01       		.uleb128 0x1
 474 0103 3E       		.byte	0x3e
 475 0104 00       		.byte	0
 476 0105 09       		.uleb128 0x9
 477 0106 52000000 		.4byte	.LVL3
 478 010a B7010000 		.4byte	0x1b7
 479 010e 08       		.uleb128 0x8
 480 010f 01       		.uleb128 0x1
 481 0110 50       		.byte	0x50
 482 0111 02       		.uleb128 0x2
 483 0112 75       		.byte	0x75
 484 0113 00       		.sleb128 0
 485 0114 00       		.byte	0
 486 0115 00       		.byte	0
 487 0116 0A       		.uleb128 0xa
 488 0117 D0000000 		.4byte	.LASF19
 489 011b 01       		.byte	0x1
 490 011c F9       		.byte	0xf9
 491 011d 00000000 		.4byte	.LFB6
 492 0121 54000000 		.4byte	.LFE6-.LFB6
 493 0125 01       		.uleb128 0x1
 494 0126 9C       		.byte	0x9c
 495 0127 48010000 		.4byte	0x148
 496 012b 0B       		.uleb128 0xb
 497 012c 40010000 		.4byte	.LASF28
 498 0130 01       		.byte	0x1
 499 0131 F9       		.byte	0xf9
 500 0132 80000000 		.4byte	0x80
 501 0136 01       		.uleb128 0x1
 502 0137 50       		.byte	0x50
 503 0138 0C       		.uleb128 0xc
 504 0139 40020000 		.4byte	.LASF29
 505 013d 01       		.byte	0x1
 506 013e FB       		.byte	0xfb
 507 013f 8C000000 		.4byte	0x8c
 508 0143 00000000 		.4byte	.LLST0
ARM GAS  C:\Users\Lenovo\AppData\Local\Temp\ccL1MBVM.s 			page 16


 509 0147 00       		.byte	0
 510 0148 06       		.uleb128 0x6
 511 0149 06000000 		.4byte	.LASF18
 512 014d 01       		.byte	0x1
 513 014e DD       		.byte	0xdd
 514 014f 00000000 		.4byte	.LFB5
 515 0153 44000000 		.4byte	.LFE5-.LFB5
 516 0157 01       		.uleb128 0x1
 517 0158 9C       		.byte	0x9c
 518 0159 6D010000 		.4byte	0x16d
 519 015d 09       		.uleb128 0x9
 520 015e 2A000000 		.4byte	.LVL18
 521 0162 16010000 		.4byte	0x116
 522 0166 08       		.uleb128 0x8
 523 0167 01       		.uleb128 0x1
 524 0168 50       		.byte	0x50
 525 0169 01       		.uleb128 0x1
 526 016a 31       		.byte	0x31
 527 016b 00       		.byte	0
 528 016c 00       		.byte	0
 529 016d 0D       		.uleb128 0xd
 530 016e C3000000 		.4byte	.LASF20
 531 0172 01       		.byte	0x1
 532 0173 3101     		.2byte	0x131
 533 0175 84000000 		.4byte	.LFB7
 534 0179 5C000000 		.4byte	.LFE7-.LFB7
 535 017d 01       		.uleb128 0x1
 536 017e 9C       		.byte	0x9c
 537 017f 96010000 		.4byte	0x196
 538 0183 0E       		.uleb128 0xe
 539 0184 BA000000 		.4byte	.LVL19
 540 0188 B7000000 		.4byte	0xb7
 541 018c 0E       		.uleb128 0xe
 542 018d BE000000 		.4byte	.LVL20
 543 0191 48010000 		.4byte	0x148
 544 0195 00       		.byte	0
 545 0196 0F       		.uleb128 0xf
 546 0197 52010000 		.4byte	.LASF21
 547 019b 52010000 		.4byte	.LASF21
 548 019f 03       		.byte	0x3
 549 01a0 6C       		.byte	0x6c
 550 01a1 0F       		.uleb128 0xf
 551 01a2 2E000000 		.4byte	.LASF22
 552 01a6 2E000000 		.4byte	.LASF22
 553 01aa 03       		.byte	0x3
 554 01ab D0       		.byte	0xd0
 555 01ac 0F       		.uleb128 0xf
 556 01ad ED000000 		.4byte	.LASF23
 557 01b1 ED000000 		.4byte	.LASF23
 558 01b5 03       		.byte	0x3
 559 01b6 D6       		.byte	0xd6
 560 01b7 0F       		.uleb128 0xf
 561 01b8 17000000 		.4byte	.LASF24
 562 01bc 17000000 		.4byte	.LASF24
 563 01c0 04       		.byte	0x4
 564 01c1 9F       		.byte	0x9f
 565 01c2 00       		.byte	0
ARM GAS  C:\Users\Lenovo\AppData\Local\Temp\ccL1MBVM.s 			page 17


 566              		.section	.debug_abbrev,"",%progbits
 567              	.Ldebug_abbrev0:
 568 0000 01       		.uleb128 0x1
 569 0001 11       		.uleb128 0x11
 570 0002 01       		.byte	0x1
 571 0003 25       		.uleb128 0x25
 572 0004 0E       		.uleb128 0xe
 573 0005 13       		.uleb128 0x13
 574 0006 0B       		.uleb128 0xb
 575 0007 03       		.uleb128 0x3
 576 0008 0E       		.uleb128 0xe
 577 0009 1B       		.uleb128 0x1b
 578 000a 0E       		.uleb128 0xe
 579 000b 55       		.uleb128 0x55
 580 000c 17       		.uleb128 0x17
 581 000d 11       		.uleb128 0x11
 582 000e 01       		.uleb128 0x1
 583 000f 10       		.uleb128 0x10
 584 0010 17       		.uleb128 0x17
 585 0011 00       		.byte	0
 586 0012 00       		.byte	0
 587 0013 02       		.uleb128 0x2
 588 0014 24       		.uleb128 0x24
 589 0015 00       		.byte	0
 590 0016 0B       		.uleb128 0xb
 591 0017 0B       		.uleb128 0xb
 592 0018 3E       		.uleb128 0x3e
 593 0019 0B       		.uleb128 0xb
 594 001a 03       		.uleb128 0x3
 595 001b 08       		.uleb128 0x8
 596 001c 00       		.byte	0
 597 001d 00       		.byte	0
 598 001e 03       		.uleb128 0x3
 599 001f 24       		.uleb128 0x24
 600 0020 00       		.byte	0
 601 0021 0B       		.uleb128 0xb
 602 0022 0B       		.uleb128 0xb
 603 0023 3E       		.uleb128 0x3e
 604 0024 0B       		.uleb128 0xb
 605 0025 03       		.uleb128 0x3
 606 0026 0E       		.uleb128 0xe
 607 0027 00       		.byte	0
 608 0028 00       		.byte	0
 609 0029 04       		.uleb128 0x4
 610 002a 16       		.uleb128 0x16
 611 002b 00       		.byte	0
 612 002c 03       		.uleb128 0x3
 613 002d 0E       		.uleb128 0xe
 614 002e 3A       		.uleb128 0x3a
 615 002f 0B       		.uleb128 0xb
 616 0030 3B       		.uleb128 0x3b
 617 0031 05       		.uleb128 0x5
 618 0032 49       		.uleb128 0x49
 619 0033 13       		.uleb128 0x13
 620 0034 00       		.byte	0
 621 0035 00       		.byte	0
 622 0036 05       		.uleb128 0x5
ARM GAS  C:\Users\Lenovo\AppData\Local\Temp\ccL1MBVM.s 			page 18


 623 0037 35       		.uleb128 0x35
 624 0038 00       		.byte	0
 625 0039 49       		.uleb128 0x49
 626 003a 13       		.uleb128 0x13
 627 003b 00       		.byte	0
 628 003c 00       		.byte	0
 629 003d 06       		.uleb128 0x6
 630 003e 2E       		.uleb128 0x2e
 631 003f 01       		.byte	0x1
 632 0040 03       		.uleb128 0x3
 633 0041 0E       		.uleb128 0xe
 634 0042 3A       		.uleb128 0x3a
 635 0043 0B       		.uleb128 0xb
 636 0044 3B       		.uleb128 0x3b
 637 0045 0B       		.uleb128 0xb
 638 0046 27       		.uleb128 0x27
 639 0047 19       		.uleb128 0x19
 640 0048 11       		.uleb128 0x11
 641 0049 01       		.uleb128 0x1
 642 004a 12       		.uleb128 0x12
 643 004b 06       		.uleb128 0x6
 644 004c 40       		.uleb128 0x40
 645 004d 18       		.uleb128 0x18
 646 004e 9742     		.uleb128 0x2117
 647 0050 19       		.uleb128 0x19
 648 0051 01       		.uleb128 0x1
 649 0052 13       		.uleb128 0x13
 650 0053 00       		.byte	0
 651 0054 00       		.byte	0
 652 0055 07       		.uleb128 0x7
 653 0056 898201   		.uleb128 0x4109
 654 0059 01       		.byte	0x1
 655 005a 11       		.uleb128 0x11
 656 005b 01       		.uleb128 0x1
 657 005c 31       		.uleb128 0x31
 658 005d 13       		.uleb128 0x13
 659 005e 01       		.uleb128 0x1
 660 005f 13       		.uleb128 0x13
 661 0060 00       		.byte	0
 662 0061 00       		.byte	0
 663 0062 08       		.uleb128 0x8
 664 0063 8A8201   		.uleb128 0x410a
 665 0066 00       		.byte	0
 666 0067 02       		.uleb128 0x2
 667 0068 18       		.uleb128 0x18
 668 0069 9142     		.uleb128 0x2111
 669 006b 18       		.uleb128 0x18
 670 006c 00       		.byte	0
 671 006d 00       		.byte	0
 672 006e 09       		.uleb128 0x9
 673 006f 898201   		.uleb128 0x4109
 674 0072 01       		.byte	0x1
 675 0073 11       		.uleb128 0x11
 676 0074 01       		.uleb128 0x1
 677 0075 31       		.uleb128 0x31
 678 0076 13       		.uleb128 0x13
 679 0077 00       		.byte	0
ARM GAS  C:\Users\Lenovo\AppData\Local\Temp\ccL1MBVM.s 			page 19


 680 0078 00       		.byte	0
 681 0079 0A       		.uleb128 0xa
 682 007a 2E       		.uleb128 0x2e
 683 007b 01       		.byte	0x1
 684 007c 3F       		.uleb128 0x3f
 685 007d 19       		.uleb128 0x19
 686 007e 03       		.uleb128 0x3
 687 007f 0E       		.uleb128 0xe
 688 0080 3A       		.uleb128 0x3a
 689 0081 0B       		.uleb128 0xb
 690 0082 3B       		.uleb128 0x3b
 691 0083 0B       		.uleb128 0xb
 692 0084 27       		.uleb128 0x27
 693 0085 19       		.uleb128 0x19
 694 0086 11       		.uleb128 0x11
 695 0087 01       		.uleb128 0x1
 696 0088 12       		.uleb128 0x12
 697 0089 06       		.uleb128 0x6
 698 008a 40       		.uleb128 0x40
 699 008b 18       		.uleb128 0x18
 700 008c 9742     		.uleb128 0x2117
 701 008e 19       		.uleb128 0x19
 702 008f 01       		.uleb128 0x1
 703 0090 13       		.uleb128 0x13
 704 0091 00       		.byte	0
 705 0092 00       		.byte	0
 706 0093 0B       		.uleb128 0xb
 707 0094 05       		.uleb128 0x5
 708 0095 00       		.byte	0
 709 0096 03       		.uleb128 0x3
 710 0097 0E       		.uleb128 0xe
 711 0098 3A       		.uleb128 0x3a
 712 0099 0B       		.uleb128 0xb
 713 009a 3B       		.uleb128 0x3b
 714 009b 0B       		.uleb128 0xb
 715 009c 49       		.uleb128 0x49
 716 009d 13       		.uleb128 0x13
 717 009e 02       		.uleb128 0x2
 718 009f 18       		.uleb128 0x18
 719 00a0 00       		.byte	0
 720 00a1 00       		.byte	0
 721 00a2 0C       		.uleb128 0xc
 722 00a3 34       		.uleb128 0x34
 723 00a4 00       		.byte	0
 724 00a5 03       		.uleb128 0x3
 725 00a6 0E       		.uleb128 0xe
 726 00a7 3A       		.uleb128 0x3a
 727 00a8 0B       		.uleb128 0xb
 728 00a9 3B       		.uleb128 0x3b
 729 00aa 0B       		.uleb128 0xb
 730 00ab 49       		.uleb128 0x49
 731 00ac 13       		.uleb128 0x13
 732 00ad 02       		.uleb128 0x2
 733 00ae 17       		.uleb128 0x17
 734 00af 00       		.byte	0
 735 00b0 00       		.byte	0
 736 00b1 0D       		.uleb128 0xd
ARM GAS  C:\Users\Lenovo\AppData\Local\Temp\ccL1MBVM.s 			page 20


 737 00b2 2E       		.uleb128 0x2e
 738 00b3 01       		.byte	0x1
 739 00b4 3F       		.uleb128 0x3f
 740 00b5 19       		.uleb128 0x19
 741 00b6 03       		.uleb128 0x3
 742 00b7 0E       		.uleb128 0xe
 743 00b8 3A       		.uleb128 0x3a
 744 00b9 0B       		.uleb128 0xb
 745 00ba 3B       		.uleb128 0x3b
 746 00bb 05       		.uleb128 0x5
 747 00bc 27       		.uleb128 0x27
 748 00bd 19       		.uleb128 0x19
 749 00be 11       		.uleb128 0x11
 750 00bf 01       		.uleb128 0x1
 751 00c0 12       		.uleb128 0x12
 752 00c1 06       		.uleb128 0x6
 753 00c2 40       		.uleb128 0x40
 754 00c3 18       		.uleb128 0x18
 755 00c4 9742     		.uleb128 0x2117
 756 00c6 19       		.uleb128 0x19
 757 00c7 01       		.uleb128 0x1
 758 00c8 13       		.uleb128 0x13
 759 00c9 00       		.byte	0
 760 00ca 00       		.byte	0
 761 00cb 0E       		.uleb128 0xe
 762 00cc 898201   		.uleb128 0x4109
 763 00cf 00       		.byte	0
 764 00d0 11       		.uleb128 0x11
 765 00d1 01       		.uleb128 0x1
 766 00d2 31       		.uleb128 0x31
 767 00d3 13       		.uleb128 0x13
 768 00d4 00       		.byte	0
 769 00d5 00       		.byte	0
 770 00d6 0F       		.uleb128 0xf
 771 00d7 2E       		.uleb128 0x2e
 772 00d8 00       		.byte	0
 773 00d9 3F       		.uleb128 0x3f
 774 00da 19       		.uleb128 0x19
 775 00db 3C       		.uleb128 0x3c
 776 00dc 19       		.uleb128 0x19
 777 00dd 6E       		.uleb128 0x6e
 778 00de 0E       		.uleb128 0xe
 779 00df 03       		.uleb128 0x3
 780 00e0 0E       		.uleb128 0xe
 781 00e1 3A       		.uleb128 0x3a
 782 00e2 0B       		.uleb128 0xb
 783 00e3 3B       		.uleb128 0x3b
 784 00e4 0B       		.uleb128 0xb
 785 00e5 00       		.byte	0
 786 00e6 00       		.byte	0
 787 00e7 00       		.byte	0
 788              		.section	.debug_loc,"",%progbits
 789              	.Ldebug_loc0:
 790              	.LLST0:
 791 0000 04000000 		.4byte	.LVL5
 792 0004 12000000 		.4byte	.LVL7
 793 0008 0100     		.2byte	0x1
ARM GAS  C:\Users\Lenovo\AppData\Local\Temp\ccL1MBVM.s 			page 21


 794 000a 53       		.byte	0x53
 795 000b 14000000 		.4byte	.LVL8
 796 000f 1A000000 		.4byte	.LVL9
 797 0013 0100     		.2byte	0x1
 798 0015 53       		.byte	0x53
 799 0016 1A000000 		.4byte	.LVL9
 800 001a 1C000000 		.4byte	.LVL10
 801 001e 0200     		.2byte	0x2
 802 0020 72       		.byte	0x72
 803 0021 00       		.sleb128 0
 804 0022 1C000000 		.4byte	.LVL10
 805 0026 2A000000 		.4byte	.LVL12
 806 002a 0100     		.2byte	0x1
 807 002c 53       		.byte	0x53
 808 002d 2C000000 		.4byte	.LVL13
 809 0031 32000000 		.4byte	.LVL14
 810 0035 0100     		.2byte	0x1
 811 0037 53       		.byte	0x53
 812 0038 32000000 		.4byte	.LVL14
 813 003c 34000000 		.4byte	.LVL15
 814 0040 0200     		.2byte	0x2
 815 0042 72       		.byte	0x72
 816 0043 00       		.sleb128 0
 817 0044 34000000 		.4byte	.LVL15
 818 0048 54000000 		.4byte	.LFE6
 819 004c 0100     		.2byte	0x1
 820 004e 53       		.byte	0x53
 821 004f 00000000 		.4byte	0
 822 0053 00000000 		.4byte	0
 823              		.section	.debug_aranges,"",%progbits
 824 0000 34000000 		.4byte	0x34
 825 0004 0200     		.2byte	0x2
 826 0006 00000000 		.4byte	.Ldebug_info0
 827 000a 04       		.byte	0x4
 828 000b 00       		.byte	0
 829 000c 0000     		.2byte	0
 830 000e 0000     		.2byte	0
 831 0010 00000000 		.4byte	.LFB4
 832 0014 84000000 		.4byte	.LFE4-.LFB4
 833 0018 00000000 		.4byte	.LFB6
 834 001c 54000000 		.4byte	.LFE6-.LFB6
 835 0020 00000000 		.4byte	.LFB5
 836 0024 44000000 		.4byte	.LFE5-.LFB5
 837 0028 84000000 		.4byte	.LFB7
 838 002c 5C000000 		.4byte	.LFE7-.LFB7
 839 0030 00000000 		.4byte	0
 840 0034 00000000 		.4byte	0
 841              		.section	.debug_ranges,"",%progbits
 842              	.Ldebug_ranges0:
 843 0000 00000000 		.4byte	.LFB4
 844 0004 84000000 		.4byte	.LFE4
 845 0008 00000000 		.4byte	.LFB6
 846 000c 54000000 		.4byte	.LFE6
 847 0010 00000000 		.4byte	.LFB5
 848 0014 44000000 		.4byte	.LFE5
 849 0018 84000000 		.4byte	.LFB7
 850 001c E0000000 		.4byte	.LFE7
ARM GAS  C:\Users\Lenovo\AppData\Local\Temp\ccL1MBVM.s 			page 22


 851 0020 00000000 		.4byte	0
 852 0024 00000000 		.4byte	0
 853              		.section	.debug_line,"",%progbits
 854              	.Ldebug_line0:
 855 0000 CD000000 		.section	.debug_str,"MS",%progbits,1
 855      02006100 
 855      00000201 
 855      FB0E0D00 
 855      01010101 
 856              	.LASF16:
 857 0000 72656733 		.ascii	"reg32\000"
 857      3200
 858              	.LASF18:
 859 0006 416E616C 		.ascii	"AnalogSetDefault\000"
 859      6F675365 
 859      74446566 
 859      61756C74 
 859      00
 860              	.LASF24:
 861 0017 43795379 		.ascii	"CySysClkSetTimerSource\000"
 861      73436C6B 
 861      53657454 
 861      696D6572 
 861      536F7572 
 862              	.LASF22:
 863 002e 4379496E 		.ascii	"CyIntSetVector\000"
 863      74536574 
 863      56656374 
 863      6F7200
 864              	.LASF17:
 865 003d 436C6F63 		.ascii	"ClockSetup\000"
 865      6B536574 
 865      757000
 866              	.LASF6:
 867 0048 73686F72 		.ascii	"short unsigned int\000"
 867      7420756E 
 867      7369676E 
 867      65642069 
 867      6E7400
 868              	.LASF14:
 869 005b 666C6F61 		.ascii	"float\000"
 869      7400
 870              	.LASF4:
 871 0061 756E7369 		.ascii	"unsigned char\000"
 871      676E6564 
 871      20636861 
 871      7200
 872              	.LASF27:
 873 006f 433A5C55 		.ascii	"C:\\Users\\Lenovo\\Desktop\\PressureSensor\\Pressur"
 873      73657273 
 873      5C4C656E 
 873      6F766F5C 
 873      4465736B 
 874 009d 6553656E 		.ascii	"eSensor.cydsn\000"
 874      736F722E 
 874      63796473 
 874      6E00
ARM GAS  C:\Users\Lenovo\AppData\Local\Temp\ccL1MBVM.s 			page 23


 875              	.LASF8:
 876 00ab 6C6F6E67 		.ascii	"long unsigned int\000"
 876      20756E73 
 876      69676E65 
 876      6420696E 
 876      7400
 877              	.LASF12:
 878 00bd 75696E74 		.ascii	"uint8\000"
 878      3800
 879              	.LASF20:
 880 00c3 63796669 		.ascii	"cyfitter_cfg\000"
 880      74746572 
 880      5F636667 
 880      00
 881              	.LASF19:
 882 00d0 53657441 		.ascii	"SetAnalogRoutingPumps\000"
 882      6E616C6F 
 882      67526F75 
 882      74696E67 
 882      50756D70 
 883              	.LASF15:
 884 00e6 646F7562 		.ascii	"double\000"
 884      6C6500
 885              	.LASF23:
 886 00ed 4379496E 		.ascii	"CyIntEnable\000"
 886      74456E61 
 886      626C6500 
 887              	.LASF13:
 888 00f9 75696E74 		.ascii	"uint32\000"
 888      333200
 889              	.LASF0:
 890 0100 756E7369 		.ascii	"unsigned int\000"
 890      676E6564 
 890      20696E74 
 890      00
 891              	.LASF9:
 892 010d 6C6F6E67 		.ascii	"long long unsigned int\000"
 892      206C6F6E 
 892      6720756E 
 892      7369676E 
 892      65642069 
 893              	.LASF10:
 894 0124 73697A65 		.ascii	"sizetype\000"
 894      74797065 
 894      00
 895              	.LASF1:
 896 012d 6C6F6E67 		.ascii	"long long int\000"
 896      206C6F6E 
 896      6720696E 
 896      7400
 897              	.LASF11:
 898 013b 63686172 		.ascii	"char\000"
 898      00
 899              	.LASF28:
 900 0140 656E6162 		.ascii	"enabled\000"
 900      6C656400 
 901              	.LASF5:
ARM GAS  C:\Users\Lenovo\AppData\Local\Temp\ccL1MBVM.s 			page 24


 902 0148 73686F72 		.ascii	"short int\000"
 902      7420696E 
 902      7400
 903              	.LASF21:
 904 0152 43795379 		.ascii	"CySysClkWriteImoFreq\000"
 904      73436C6B 
 904      57726974 
 904      65496D6F 
 904      46726571 
 905              	.LASF7:
 906 0167 6C6F6E67 		.ascii	"long int\000"
 906      20696E74 
 906      00
 907              	.LASF2:
 908 0170 6C6F6E67 		.ascii	"long double\000"
 908      20646F75 
 908      626C6500 
 909              	.LASF25:
 910 017c 474E5520 		.ascii	"GNU C11 5.4.1 20160609 (release) [ARM/embedded-5-br"
 910      43313120 
 910      352E342E 
 910      31203230 
 910      31363036 
 911 01af 616E6368 		.ascii	"anch revision 237715] -mcpu=cortex-m0plus -mthumb -"
 911      20726576 
 911      6973696F 
 911      6E203233 
 911      37373135 
 912 01e2 67202D4F 		.ascii	"g -Og -ffunction-sections -ffat-lto-objects\000"
 912      67202D66 
 912      66756E63 
 912      74696F6E 
 912      2D736563 
 913              	.LASF3:
 914 020e 7369676E 		.ascii	"signed char\000"
 914      65642063 
 914      68617200 
 915              	.LASF26:
 916 021a 47656E65 		.ascii	"Generated_Source\\PSoC4\\cyfitter_cfg.c\000"
 916      72617465 
 916      645F536F 
 916      75726365 
 916      5C50536F 
 917              	.LASF29:
 918 0240 72656756 		.ascii	"regValue\000"
 918      616C7565 
 918      00
 919              		.ident	"GCC: (GNU Tools for ARM Embedded Processors) 5.4.1 20160609 (release) [ARM/embedded-5-bran
