ARM GAS  C:\Users\Lenovo\AppData\Local\Temp\ccr5MKCc.s 			page 1


   1              		.syntax unified
   2              		.cpu cortex-m0plus
   3              		.fpu softvfp
   4              		.eabi_attribute 20, 1
   5              		.eabi_attribute 21, 1
   6              		.eabi_attribute 23, 3
   7              		.eabi_attribute 24, 1
   8              		.eabi_attribute 25, 1
   9              		.eabi_attribute 26, 1
  10              		.eabi_attribute 30, 1
  11              		.eabi_attribute 34, 0
  12              		.eabi_attribute 18, 4
  13              		.thumb
  14              		.syntax unified
  15              		.file	"main.c"
  16              		.text
  17              	.Ltext0:
  18              		.cfi_sections	.debug_frame
  19              		.global	__aeabi_fmul
  20              		.global	__aeabi_fadd
  21              		.section	.text.region1,"ax",%progbits
  22              		.align	2
  23              		.global	region1
  24              		.code	16
  25              		.thumb_func
  26              		.type	region1, %function
  27              	region1:
  28              	.LFB33:
  29              		.file 1 "main.c"
   1:main.c        **** #include "project.h"
   2:main.c        **** #include "stdbool.h"
   3:main.c        **** 
   4:main.c        **** #define SLAVE_ADDRESS 0x27
   5:main.c        **** #define REGION_1_END 752
   6:main.c        **** #define REGION_2_END 1000
   7:main.c        **** #define REGION_3_END 1504
   8:main.c        **** #define REGION_4_END 3000
   9:main.c        **** #define SAMPLE_AMOUNT 20000
  10:main.c        **** 
  11:main.c        **** uint8_t pressureData1, pressureData2;
  12:main.c        **** uint16_t data16Bit;
  13:main.c        **** uint32 start, readByte1, readByte2, stop;
  14:main.c        **** int i;
  15:main.c        **** int m = 0;
  16:main.c        **** 
  17:main.c        **** float kPaData, paPressure;
  18:main.c        **** float sum, avgPa, frequencySum, avgFrequency;
  19:main.c        **** 
  20:main.c        **** float under752Slope = (625 - 589.4) / (0 - REGION_1_END);
  21:main.c        **** float under1000Slope = (589.4 - 578) / (REGION_1_END - REGION_2_END);
  22:main.c        **** float under1504Slope = (578 - 556.3) / (REGION_2_END - REGION_3_END);
  23:main.c        **** float under3000Slope = (556.3 - 503.1) / (REGION_3_END - REGION_4_END);
  24:main.c        **** float frequency;
  25:main.c        **** 
  26:main.c        **** float region1(float pressure) { return 625 + under752Slope * pressure; }
  30              		.loc 1 26 0
  31              		.cfi_startproc
ARM GAS  C:\Users\Lenovo\AppData\Local\Temp\ccr5MKCc.s 			page 2


  32              		@ args = 0, pretend = 0, frame = 0
  33              		@ frame_needed = 0, uses_anonymous_args = 0
  34              	.LVL0:
  35 0000 10B5     		push	{r4, lr}
  36              		.cfi_def_cfa_offset 8
  37              		.cfi_offset 4, -8
  38              		.cfi_offset 14, -4
  39              		.loc 1 26 0
  40 0002 044B     		ldr	r3, .L2
  41 0004 1968     		ldr	r1, [r3]
  42 0006 FFF7FEFF 		bl	__aeabi_fmul
  43              	.LVL1:
  44 000a 0349     		ldr	r1, .L2+4
  45 000c FFF7FEFF 		bl	__aeabi_fadd
  46              	.LVL2:
  47              		@ sp needed
  48 0010 10BD     		pop	{r4, pc}
  49              	.L3:
  50 0012 C046     		.align	2
  51              	.L2:
  52 0014 00000000 		.word	.LANCHOR0
  53 0018 00401C44 		.word	1142702080
  54              		.cfi_endproc
  55              	.LFE33:
  56              		.size	region1, .-region1
  57              		.global	__aeabi_fsub
  58              		.global	__aeabi_f2d
  59              		.global	__aeabi_dadd
  60              		.global	__aeabi_d2f
  61              		.section	.text.region2,"ax",%progbits
  62              		.align	2
  63              		.global	region2
  64              		.code	16
  65              		.thumb_func
  66              		.type	region2, %function
  67              	region2:
  68              	.LFB34:
  27:main.c        **** float region2(float pressure) { return 589.4 + under1000Slope * (pressure - REGION_1_END); }
  69              		.loc 1 27 0
  70              		.cfi_startproc
  71              		@ args = 0, pretend = 0, frame = 0
  72              		@ frame_needed = 0, uses_anonymous_args = 0
  73              	.LVL3:
  74 0000 10B5     		push	{r4, lr}
  75              		.cfi_def_cfa_offset 8
  76              		.cfi_offset 4, -8
  77              		.cfi_offset 14, -4
  78              		.loc 1 27 0
  79 0002 0849     		ldr	r1, .L5
  80 0004 FFF7FEFF 		bl	__aeabi_fsub
  81              	.LVL4:
  82 0008 074B     		ldr	r3, .L5+4
  83 000a 5968     		ldr	r1, [r3, #4]
  84 000c FFF7FEFF 		bl	__aeabi_fmul
  85              	.LVL5:
  86 0010 FFF7FEFF 		bl	__aeabi_f2d
  87              	.LVL6:
ARM GAS  C:\Users\Lenovo\AppData\Local\Temp\ccr5MKCc.s 			page 3


  88 0014 054A     		ldr	r2, .L5+8
  89 0016 064B     		ldr	r3, .L5+12
  90 0018 FFF7FEFF 		bl	__aeabi_dadd
  91              	.LVL7:
  92 001c FFF7FEFF 		bl	__aeabi_d2f
  93              	.LVL8:
  94              		@ sp needed
  95 0020 10BD     		pop	{r4, pc}
  96              	.L6:
  97 0022 C046     		.align	2
  98              	.L5:
  99 0024 00003C44 		.word	1144782848
 100 0028 00000000 		.word	.LANCHOR0
 101 002c 33333333 		.word	858993459
 102 0030 336B8240 		.word	1082288947
 103              		.cfi_endproc
 104              	.LFE34:
 105              		.size	region2, .-region2
 106              		.section	.text.region3,"ax",%progbits
 107              		.align	2
 108              		.global	region3
 109              		.code	16
 110              		.thumb_func
 111              		.type	region3, %function
 112              	region3:
 113              	.LFB35:
  28:main.c        **** float region3(float pressure) { return 578 + under1504Slope * (pressure - REGION_2_END); }
 114              		.loc 1 28 0
 115              		.cfi_startproc
 116              		@ args = 0, pretend = 0, frame = 0
 117              		@ frame_needed = 0, uses_anonymous_args = 0
 118              	.LVL9:
 119 0000 10B5     		push	{r4, lr}
 120              		.cfi_def_cfa_offset 8
 121              		.cfi_offset 4, -8
 122              		.cfi_offset 14, -4
 123              		.loc 1 28 0
 124 0002 0549     		ldr	r1, .L8
 125 0004 FFF7FEFF 		bl	__aeabi_fsub
 126              	.LVL10:
 127 0008 044B     		ldr	r3, .L8+4
 128 000a 9968     		ldr	r1, [r3, #8]
 129 000c FFF7FEFF 		bl	__aeabi_fmul
 130              	.LVL11:
 131 0010 0349     		ldr	r1, .L8+8
 132 0012 FFF7FEFF 		bl	__aeabi_fadd
 133              	.LVL12:
 134              		@ sp needed
 135 0016 10BD     		pop	{r4, pc}
 136              	.L9:
 137              		.align	2
 138              	.L8:
 139 0018 00007A44 		.word	1148846080
 140 001c 00000000 		.word	.LANCHOR0
 141 0020 00801044 		.word	1141932032
 142              		.cfi_endproc
 143              	.LFE35:
ARM GAS  C:\Users\Lenovo\AppData\Local\Temp\ccr5MKCc.s 			page 4


 144              		.size	region3, .-region3
 145              		.section	.text.region4,"ax",%progbits
 146              		.align	2
 147              		.global	region4
 148              		.code	16
 149              		.thumb_func
 150              		.type	region4, %function
 151              	region4:
 152              	.LFB36:
  29:main.c        **** float region4(float pressure) { return 556.3 + under3000Slope * (pressure - REGION_3_END); }
 153              		.loc 1 29 0
 154              		.cfi_startproc
 155              		@ args = 0, pretend = 0, frame = 0
 156              		@ frame_needed = 0, uses_anonymous_args = 0
 157              	.LVL13:
 158 0000 10B5     		push	{r4, lr}
 159              		.cfi_def_cfa_offset 8
 160              		.cfi_offset 4, -8
 161              		.cfi_offset 14, -4
 162              		.loc 1 29 0
 163 0002 0849     		ldr	r1, .L11
 164 0004 FFF7FEFF 		bl	__aeabi_fsub
 165              	.LVL14:
 166 0008 074B     		ldr	r3, .L11+4
 167 000a D968     		ldr	r1, [r3, #12]
 168 000c FFF7FEFF 		bl	__aeabi_fmul
 169              	.LVL15:
 170 0010 FFF7FEFF 		bl	__aeabi_f2d
 171              	.LVL16:
 172 0014 054A     		ldr	r2, .L11+8
 173 0016 064B     		ldr	r3, .L11+12
 174 0018 FFF7FEFF 		bl	__aeabi_dadd
 175              	.LVL17:
 176 001c FFF7FEFF 		bl	__aeabi_d2f
 177              	.LVL18:
 178              		@ sp needed
 179 0020 10BD     		pop	{r4, pc}
 180              	.L12:
 181 0022 C046     		.align	2
 182              	.L11:
 183 0024 0000BC44 		.word	1153171456
 184 0028 00000000 		.word	.LANCHOR0
 185 002c 66666666 		.word	1717986918
 186 0030 66628140 		.word	1082221158
 187              		.cfi_endproc
 188              	.LFE36:
 189              		.size	region4, .-region4
 190              		.global	__aeabi_ui2f
 191              		.global	__aeabi_fdiv
 192              		.global	__aeabi_fcmplt
 193              		.section	.text.main,"ax",%progbits
 194              		.align	2
 195              		.global	main
 196              		.code	16
 197              		.thumb_func
 198              		.type	main, %function
 199              	main:
ARM GAS  C:\Users\Lenovo\AppData\Local\Temp\ccr5MKCc.s 			page 5


 200              	.LFB37:
  30:main.c        **** 
  31:main.c        **** bool pause = false;
  32:main.c        **** 
  33:main.c        **** uint32 busy = 1;
  34:main.c        **** 
  35:main.c        **** int main(void)
  36:main.c        **** {
 201              		.loc 1 36 0
 202              		.cfi_startproc
 203              		@ Volatile: function does not return.
 204              		@ args = 0, pretend = 0, frame = 0
 205              		@ frame_needed = 0, uses_anonymous_args = 0
 206 0000 70B5     		push	{r4, r5, r6, lr}
 207              		.cfi_def_cfa_offset 16
 208              		.cfi_offset 4, -16
 209              		.cfi_offset 5, -12
 210              		.cfi_offset 6, -8
 211              		.cfi_offset 14, -4
  37:main.c        ****     CyGlobalIntEnable;
 212              		.loc 1 37 0
 213              		.syntax divided
 214              	@ 37 "main.c" 1
 215 0002 62B6     		CPSIE   i
 216              	@ 0 "" 2
  38:main.c        **** 
  39:main.c        ****     pressureData1 = pressureData2 = i = 0;
 217              		.loc 1 39 0
 218              		.thumb
 219              		.syntax unified
 220 0004 0023     		movs	r3, #0
 221 0006 5F4A     		ldr	r2, .L32
 222 0008 1360     		str	r3, [r2]
 223 000a 5F4A     		ldr	r2, .L32+4
 224 000c 1370     		strb	r3, [r2]
 225 000e 5F4A     		ldr	r2, .L32+8
 226 0010 1370     		strb	r3, [r2]
  40:main.c        ****     sum = avgPa = frequencySum = avgFrequency = 0;
 227              		.loc 1 40 0
 228 0012 0023     		movs	r3, #0
 229 0014 5E4A     		ldr	r2, .L32+12
 230 0016 1360     		str	r3, [r2]
 231 0018 5E4A     		ldr	r2, .L32+16
 232 001a 1360     		str	r3, [r2]
 233 001c 5E4A     		ldr	r2, .L32+20
 234 001e 1360     		str	r3, [r2]
 235 0020 5E4A     		ldr	r2, .L32+24
 236 0022 1360     		str	r3, [r2]
  41:main.c        ****     
  42:main.c        ****     I2C_Start();
 237              		.loc 1 42 0
 238 0024 FFF7FEFF 		bl	I2C_Start
 239              	.LVL19:
  43:main.c        **** 
  44:main.c        ****     CapSense_Start();
 240              		.loc 1 44 0
 241 0028 FFF7FEFF 		bl	CapSense_Start
ARM GAS  C:\Users\Lenovo\AppData\Local\Temp\ccr5MKCc.s 			page 6


 242              	.LVL20:
  45:main.c        ****     CapSense_InitializeAllBaselines();
 243              		.loc 1 45 0
 244 002c FFF7FEFF 		bl	CapSense_InitializeAllBaselines
 245              	.LVL21:
 246              	.L23:
  46:main.c        **** 
  47:main.c        ****     for (;;)
  48:main.c        ****     {
  49:main.c        **** 
  50:main.c        ****         busy = CapSense_IsBusy();
 247              		.loc 1 50 0
 248 0030 FFF7FEFF 		bl	CapSense_IsBusy
 249              	.LVL22:
 250 0034 5A4B     		ldr	r3, .L32+28
 251 0036 1861     		str	r0, [r3, #16]
  51:main.c        **** 
  52:main.c        ****         start = I2C_I2CMasterSendStart(SLAVE_ADDRESS, I2C_I2C_READ_XFER_MODE, 1u);
 252              		.loc 1 52 0
 253 0038 0122     		movs	r2, #1
 254 003a 0121     		movs	r1, #1
 255 003c 2720     		movs	r0, #39
 256 003e FFF7FEFF 		bl	I2C_I2CMasterSendStart
 257              	.LVL23:
 258 0042 584B     		ldr	r3, .L32+32
 259 0044 1860     		str	r0, [r3]
  53:main.c        **** 
  54:main.c        ****         if (start == I2C_I2C_MSTR_NO_ERROR)
 260              		.loc 1 54 0
 261 0046 0028     		cmp	r0, #0
 262 0048 7ED1     		bne	.L14
  55:main.c        ****         {
  56:main.c        ****             readByte1 = I2C_I2CMasterReadByte(I2C_I2C_ACK_DATA, &pressureData1, 1u);
 263              		.loc 1 56 0
 264 004a 0122     		movs	r2, #1
 265 004c 4F49     		ldr	r1, .L32+8
 266 004e FFF7FEFF 		bl	I2C_I2CMasterReadByte
 267              	.LVL24:
 268 0052 554B     		ldr	r3, .L32+36
 269 0054 1860     		str	r0, [r3]
  57:main.c        **** 
  58:main.c        ****             if (readByte1 == I2C_I2C_MSTR_NO_ERROR)
 270              		.loc 1 58 0
 271 0056 0028     		cmp	r0, #0
 272 0058 76D1     		bne	.L14
  59:main.c        ****             {
  60:main.c        ****                 readByte2 = I2C_I2CMasterReadByte(I2C_I2C_NAK_DATA, &pressureData2, 1u);
 273              		.loc 1 60 0
 274 005a 0122     		movs	r2, #1
 275 005c 4A49     		ldr	r1, .L32+4
 276 005e 0130     		adds	r0, r0, #1
 277 0060 FFF7FEFF 		bl	I2C_I2CMasterReadByte
 278              	.LVL25:
 279 0064 514B     		ldr	r3, .L32+40
 280 0066 1860     		str	r0, [r3]
  61:main.c        **** 
  62:main.c        ****                 if (readByte2 == I2C_I2C_MSTR_NO_ERROR)
ARM GAS  C:\Users\Lenovo\AppData\Local\Temp\ccr5MKCc.s 			page 7


 281              		.loc 1 62 0
 282 0068 0028     		cmp	r0, #0
 283 006a 6DD1     		bne	.L14
  63:main.c        ****                 {
  64:main.c        ****                     data16Bit = ((uint16_t)pressureData1 << 8) | (uint16_t)pressureData2;
 284              		.loc 1 64 0
 285 006c 474B     		ldr	r3, .L32+8
 286 006e 1878     		ldrb	r0, [r3]
 287 0070 0002     		lsls	r0, r0, #8
 288 0072 454B     		ldr	r3, .L32+4
 289 0074 1B78     		ldrb	r3, [r3]
 290 0076 1843     		orrs	r0, r3
 291 0078 4D4B     		ldr	r3, .L32+44
 292 007a 1880     		strh	r0, [r3]
  65:main.c        **** 
  66:main.c        ****                     paPressure = ((float)data16Bit - 820 + 18) * 6000 / 14744;
 293              		.loc 1 66 0
 294 007c FFF7FEFF 		bl	__aeabi_ui2f
 295              	.LVL26:
 296 0080 4C49     		ldr	r1, .L32+48
 297 0082 FFF7FEFF 		bl	__aeabi_fsub
 298              	.LVL27:
 299 0086 4C49     		ldr	r1, .L32+52
 300 0088 FFF7FEFF 		bl	__aeabi_fadd
 301              	.LVL28:
 302 008c 4B49     		ldr	r1, .L32+56
 303 008e FFF7FEFF 		bl	__aeabi_fmul
 304              	.LVL29:
 305 0092 4B49     		ldr	r1, .L32+60
 306 0094 FFF7FEFF 		bl	__aeabi_fdiv
 307              	.LVL30:
 308 0098 041C     		adds	r4, r0, #0
 309 009a 4A4B     		ldr	r3, .L32+64
 310 009c 1860     		str	r0, [r3]
  67:main.c        **** 
  68:main.c        ****                     if (paPressure < REGION_1_END)
 311              		.loc 1 68 0
 312 009e 4A49     		ldr	r1, .L32+68
 313 00a0 FFF7FEFF 		bl	__aeabi_fcmplt
 314              	.LVL31:
 315 00a4 0028     		cmp	r0, #0
 316 00a6 05D0     		beq	.L29
  69:main.c        ****                     {
  70:main.c        ****                         frequency = region1(paPressure);
 317              		.loc 1 70 0
 318 00a8 201C     		adds	r0, r4, #0
 319 00aa FFF7FEFF 		bl	region1
 320              	.LVL32:
 321 00ae 474B     		ldr	r3, .L32+72
 322 00b0 1860     		str	r0, [r3]
 323 00b2 1CE0     		b	.L17
 324              	.L29:
  71:main.c        ****                     }
  72:main.c        ****                     else if (paPressure < REGION_2_END)
 325              		.loc 1 72 0
 326 00b4 4649     		ldr	r1, .L32+76
 327 00b6 201C     		adds	r0, r4, #0
ARM GAS  C:\Users\Lenovo\AppData\Local\Temp\ccr5MKCc.s 			page 8


 328 00b8 FFF7FEFF 		bl	__aeabi_fcmplt
 329              	.LVL33:
 330 00bc 0028     		cmp	r0, #0
 331 00be 05D0     		beq	.L30
  73:main.c        ****                     {
  74:main.c        ****                         frequency = region2(paPressure);
 332              		.loc 1 74 0
 333 00c0 201C     		adds	r0, r4, #0
 334 00c2 FFF7FEFF 		bl	region2
 335              	.LVL34:
 336 00c6 414B     		ldr	r3, .L32+72
 337 00c8 1860     		str	r0, [r3]
 338 00ca 10E0     		b	.L17
 339              	.L30:
  75:main.c        ****                     }
  76:main.c        ****                     else if (paPressure < REGION_3_END)
 340              		.loc 1 76 0
 341 00cc 4149     		ldr	r1, .L32+80
 342 00ce 201C     		adds	r0, r4, #0
 343 00d0 FFF7FEFF 		bl	__aeabi_fcmplt
 344              	.LVL35:
 345 00d4 0028     		cmp	r0, #0
 346 00d6 05D0     		beq	.L31
  77:main.c        ****                     {
  78:main.c        ****                         frequency = region3(paPressure);
 347              		.loc 1 78 0
 348 00d8 201C     		adds	r0, r4, #0
 349 00da FFF7FEFF 		bl	region3
 350              	.LVL36:
 351 00de 3B4B     		ldr	r3, .L32+72
 352 00e0 1860     		str	r0, [r3]
 353 00e2 04E0     		b	.L17
 354              	.L31:
  79:main.c        ****                     }
  80:main.c        ****                     else
  81:main.c        ****                     {
  82:main.c        ****                         frequency = region4(paPressure);
 355              		.loc 1 82 0
 356 00e4 201C     		adds	r0, r4, #0
 357 00e6 FFF7FEFF 		bl	region4
 358              	.LVL37:
 359 00ea 384B     		ldr	r3, .L32+72
 360 00ec 1860     		str	r0, [r3]
 361              	.L17:
  83:main.c        ****                     }
  84:main.c        **** 
  85:main.c        ****                     if (i < SAMPLE_AMOUNT)
 362              		.loc 1 85 0
 363 00ee 254B     		ldr	r3, .L32
 364 00f0 1D68     		ldr	r5, [r3]
 365 00f2 394B     		ldr	r3, .L32+84
 366 00f4 9D42     		cmp	r5, r3
 367 00f6 10DC     		bgt	.L22
  86:main.c        ****                     {
  87:main.c        ****                         sum += paPressure;
 368              		.loc 1 87 0
 369 00f8 284E     		ldr	r6, .L32+24
ARM GAS  C:\Users\Lenovo\AppData\Local\Temp\ccr5MKCc.s 			page 9


 370 00fa 211C     		adds	r1, r4, #0
 371 00fc 3068     		ldr	r0, [r6]
 372 00fe FFF7FEFF 		bl	__aeabi_fadd
 373              	.LVL38:
 374 0102 3060     		str	r0, [r6]
  88:main.c        ****                         frequencySum += frequency;
 375              		.loc 1 88 0
 376 0104 234C     		ldr	r4, .L32+16
 377 0106 314B     		ldr	r3, .L32+72
 378 0108 1968     		ldr	r1, [r3]
 379 010a 2068     		ldr	r0, [r4]
 380 010c FFF7FEFF 		bl	__aeabi_fadd
 381              	.LVL39:
 382 0110 2060     		str	r0, [r4]
  89:main.c        **** 
  90:main.c        ****                         i++;
 383              		.loc 1 90 0
 384 0112 0135     		adds	r5, r5, #1
 385 0114 1B4B     		ldr	r3, .L32
 386 0116 1D60     		str	r5, [r3]
 387 0118 16E0     		b	.L14
 388              	.L22:
  91:main.c        ****                     }
  92:main.c        ****                     else if (i == SAMPLE_AMOUNT)
 389              		.loc 1 92 0
 390 011a 304B     		ldr	r3, .L32+88
 391 011c 9D42     		cmp	r5, r3
 392 011e 13D1     		bne	.L14
  93:main.c        ****                     {
  94:main.c        ****                         avgPa = sum / SAMPLE_AMOUNT;
 393              		.loc 1 94 0
 394 0120 1E4C     		ldr	r4, .L32+24
 395 0122 2F49     		ldr	r1, .L32+92
 396 0124 2068     		ldr	r0, [r4]
 397 0126 FFF7FEFF 		bl	__aeabi_fdiv
 398              	.LVL40:
 399 012a 1B4B     		ldr	r3, .L32+20
 400 012c 1860     		str	r0, [r3]
  95:main.c        ****                         avgFrequency = frequencySum / SAMPLE_AMOUNT;
 401              		.loc 1 95 0
 402 012e 194E     		ldr	r6, .L32+16
 403 0130 2B49     		ldr	r1, .L32+92
 404 0132 3068     		ldr	r0, [r6]
 405 0134 FFF7FEFF 		bl	__aeabi_fdiv
 406              	.LVL41:
 407 0138 154B     		ldr	r3, .L32+12
 408 013a 1860     		str	r0, [r3]
  96:main.c        **** 
  97:main.c        ****                         sum = frequencySum = 0;
 409              		.loc 1 97 0
 410 013c 0023     		movs	r3, #0
 411 013e 3360     		str	r3, [r6]
 412 0140 2360     		str	r3, [r4]
  98:main.c        **** 
  99:main.c        ****                         i++;
 413              		.loc 1 99 0
 414 0142 0135     		adds	r5, r5, #1
ARM GAS  C:\Users\Lenovo\AppData\Local\Temp\ccr5MKCc.s 			page 10


 415 0144 0F4B     		ldr	r3, .L32
 416 0146 1D60     		str	r5, [r3]
 417              	.L14:
 100:main.c        ****                     }
 101:main.c        ****                 }
 102:main.c        ****             }
 103:main.c        ****         }
 104:main.c        **** 
 105:main.c        ****         stop = I2C_I2CMasterSendStop(0u);
 418              		.loc 1 105 0
 419 0148 0020     		movs	r0, #0
 420 014a FFF7FEFF 		bl	I2C_I2CMasterSendStop
 421              	.LVL42:
 422 014e 254B     		ldr	r3, .L32+96
 423 0150 1860     		str	r0, [r3]
 106:main.c        **** 
 107:main.c        ****         if (!busy)
 424              		.loc 1 107 0
 425 0152 134B     		ldr	r3, .L32+28
 426 0154 1B69     		ldr	r3, [r3, #16]
 427 0156 002B     		cmp	r3, #0
 428 0158 00D0     		beq	.LCB344
 429 015a 69E7     		b	.L23	@long jump
 430              	.LCB344:
 108:main.c        ****         {
 109:main.c        **** 
 110:main.c        ****             CapSense_ProcessAllWidgets();
 431              		.loc 1 110 0
 432 015c FFF7FEFF 		bl	CapSense_ProcessAllWidgets
 433              	.LVL43:
 111:main.c        **** 
 112:main.c        ****             if (CapSense_IsWidgetActive(CapSense_BUTTON0_WDGT_ID))
 434              		.loc 1 112 0
 435 0160 0020     		movs	r0, #0
 436 0162 FFF7FEFF 		bl	CapSense_IsWidgetActive
 437              	.LVL44:
 438 0166 0028     		cmp	r0, #0
 439 0168 07D0     		beq	.L24
 113:main.c        ****             {
 114:main.c        ****                 i = avgPa = avgFrequency = 0;
 440              		.loc 1 114 0
 441 016a 0023     		movs	r3, #0
 442 016c 084A     		ldr	r2, .L32+12
 443 016e 1360     		str	r3, [r2]
 444 0170 094A     		ldr	r2, .L32+20
 445 0172 1360     		str	r3, [r2]
 446 0174 0022     		movs	r2, #0
 447 0176 034B     		ldr	r3, .L32
 448 0178 1A60     		str	r2, [r3]
 449              	.L24:
 115:main.c        ****             }
 116:main.c        **** 
 117:main.c        ****             CapSense_UpdateAllBaselines();
 450              		.loc 1 117 0
 451 017a FFF7FEFF 		bl	CapSense_UpdateAllBaselines
 452              	.LVL45:
 118:main.c        ****             CapSense_ScanAllWidgets();
ARM GAS  C:\Users\Lenovo\AppData\Local\Temp\ccr5MKCc.s 			page 11


 453              		.loc 1 118 0
 454 017e FFF7FEFF 		bl	CapSense_ScanAllWidgets
 455              	.LVL46:
 456 0182 55E7     		b	.L23
 457              	.L33:
 458              		.align	2
 459              	.L32:
 460 0184 00000000 		.word	i
 461 0188 00000000 		.word	pressureData2
 462 018c 00000000 		.word	pressureData1
 463 0190 00000000 		.word	avgFrequency
 464 0194 00000000 		.word	frequencySum
 465 0198 00000000 		.word	avgPa
 466 019c 00000000 		.word	sum
 467 01a0 00000000 		.word	.LANCHOR0
 468 01a4 00000000 		.word	start
 469 01a8 00000000 		.word	readByte1
 470 01ac 00000000 		.word	readByte2
 471 01b0 00000000 		.word	data16Bit
 472 01b4 00004D44 		.word	1145896960
 473 01b8 00009041 		.word	1099956224
 474 01bc 0080BB45 		.word	1169915904
 475 01c0 00606646 		.word	1181114368
 476 01c4 00000000 		.word	paPressure
 477 01c8 00003C44 		.word	1144782848
 478 01cc 00000000 		.word	frequency
 479 01d0 00007A44 		.word	1148846080
 480 01d4 0000BC44 		.word	1153171456
 481 01d8 1F4E0000 		.word	19999
 482 01dc 204E0000 		.word	20000
 483 01e0 00409C46 		.word	1184645120
 484 01e4 00000000 		.word	stop
 485              		.cfi_endproc
 486              	.LFE37:
 487              		.size	main, .-main
 488              		.global	busy
 489              		.global	pause
 490              		.comm	frequency,4,4
 491              		.global	under3000Slope
 492              		.global	under1504Slope
 493              		.global	under1000Slope
 494              		.global	under752Slope
 495              		.comm	avgFrequency,4,4
 496              		.comm	frequencySum,4,4
 497              		.comm	avgPa,4,4
 498              		.comm	sum,4,4
 499              		.comm	paPressure,4,4
 500              		.comm	kPaData,4,4
 501              		.global	m
 502              		.comm	i,4,4
 503              		.comm	stop,4,4
 504              		.comm	readByte2,4,4
 505              		.comm	readByte1,4,4
 506              		.comm	start,4,4
 507              		.comm	data16Bit,2,2
 508              		.comm	pressureData2,1,1
 509              		.comm	pressureData1,1,1
ARM GAS  C:\Users\Lenovo\AppData\Local\Temp\ccr5MKCc.s 			page 12


 510              		.data
 511              		.align	2
 512              		.set	.LANCHOR0,. + 0
 513              		.type	under752Slope, %object
 514              		.size	under752Slope, 4
 515              	under752Slope:
 516 0000 09E841BD 		.word	-1119754231
 517              		.type	under1000Slope, %object
 518              		.size	under1000Slope, 4
 519              	under1000Slope:
 520 0004 AC483CBD 		.word	-1120122708
 521              		.type	under1504Slope, %object
 522              		.size	under1504Slope, 4
 523              	under1504Slope:
 524 0008 065B30BD 		.word	-1120904442
 525              		.type	under3000Slope, %object
 526              		.size	under3000Slope, 4
 527              	under3000Slope:
 528 000c EFA811BD 		.word	-1122916113
 529              		.type	busy, %object
 530              		.size	busy, 4
 531              	busy:
 532 0010 01000000 		.word	1
 533              		.bss
 534              		.align	2
 535              		.type	pause, %object
 536              		.size	pause, 1
 537              	pause:
 538 0000 00       		.space	1
 539 0001 000000   		.space	3
 540              		.type	m, %object
 541              		.size	m, 4
 542              	m:
 543 0004 00000000 		.space	4
 544              		.text
 545              	.Letext0:
 546              		.file 2 "c:\\program files (x86)\\cypress\\psoc creator\\4.4\\psoc creator\\import\\gnu\\arm\\5.4.
 547              		.file 3 "c:\\program files (x86)\\cypress\\psoc creator\\4.4\\psoc creator\\import\\gnu\\arm\\5.4.
 548              		.file 4 "Generated_Source\\PSoC4/cytypes.h"
 549              		.file 5 "Generated_Source\\PSoC4/I2C.h"
 550              		.file 6 "Generated_Source\\PSoC4/CapSense_Control.h"
 551              		.file 7 "Generated_Source\\PSoC4/CapSense_Filter.h"
 552              		.file 8 "Generated_Source\\PSoC4/CapSense_Sensing.h"
 553              		.file 9 "Generated_Source\\PSoC4/I2C_I2C.h"
 554              		.file 10 "Generated_Source\\PSoC4/CapSense_Structure.h"
 555              		.section	.debug_info,"",%progbits
 556              	.Ldebug_info0:
 557 0000 92040000 		.4byte	0x492
 558 0004 0400     		.2byte	0x4
 559 0006 00000000 		.4byte	.Ldebug_abbrev0
 560 000a 04       		.byte	0x4
 561 000b 01       		.uleb128 0x1
 562 000c 7F000000 		.4byte	.LASF56
 563 0010 0C       		.byte	0xc
 564 0011 DB020000 		.4byte	.LASF57
 565 0015 27010000 		.4byte	.LASF58
 566 0019 00000000 		.4byte	.Ldebug_ranges0+0
ARM GAS  C:\Users\Lenovo\AppData\Local\Temp\ccr5MKCc.s 			page 13


 567 001d 00000000 		.4byte	0
 568 0021 00000000 		.4byte	.Ldebug_line0
 569 0025 02       		.uleb128 0x2
 570 0026 04       		.byte	0x4
 571 0027 04       		.byte	0x4
 572 0028 AD010000 		.4byte	.LASF0
 573 002c 02       		.uleb128 0x2
 574 002d 01       		.byte	0x1
 575 002e 06       		.byte	0x6
 576 002f F8010000 		.4byte	.LASF1
 577 0033 03       		.uleb128 0x3
 578 0034 D4010000 		.4byte	.LASF4
 579 0038 02       		.byte	0x2
 580 0039 1D       		.byte	0x1d
 581 003a 3E000000 		.4byte	0x3e
 582 003e 02       		.uleb128 0x2
 583 003f 01       		.byte	0x1
 584 0040 08       		.byte	0x8
 585 0041 EA010000 		.4byte	.LASF2
 586 0045 02       		.uleb128 0x2
 587 0046 02       		.byte	0x2
 588 0047 05       		.byte	0x5
 589 0048 58000000 		.4byte	.LASF3
 590 004c 03       		.uleb128 0x3
 591 004d 1C010000 		.4byte	.LASF5
 592 0051 02       		.byte	0x2
 593 0052 2B       		.byte	0x2b
 594 0053 57000000 		.4byte	0x57
 595 0057 02       		.uleb128 0x2
 596 0058 02       		.byte	0x2
 597 0059 07       		.byte	0x7
 598 005a 6D020000 		.4byte	.LASF6
 599 005e 02       		.uleb128 0x2
 600 005f 04       		.byte	0x4
 601 0060 05       		.byte	0x5
 602 0061 CB010000 		.4byte	.LASF7
 603 0065 02       		.uleb128 0x2
 604 0066 04       		.byte	0x4
 605 0067 07       		.byte	0x7
 606 0068 E2020000 		.4byte	.LASF8
 607 006c 02       		.uleb128 0x2
 608 006d 08       		.byte	0x8
 609 006e 05       		.byte	0x5
 610 006f B3010000 		.4byte	.LASF9
 611 0073 02       		.uleb128 0x2
 612 0074 08       		.byte	0x8
 613 0075 07       		.byte	0x7
 614 0076 04020000 		.4byte	.LASF10
 615 007a 04       		.uleb128 0x4
 616 007b 04       		.byte	0x4
 617 007c 05       		.byte	0x5
 618 007d 696E7400 		.ascii	"int\000"
 619 0081 02       		.uleb128 0x2
 620 0082 04       		.byte	0x4
 621 0083 07       		.byte	0x7
 622 0084 2A020000 		.4byte	.LASF11
 623 0088 03       		.uleb128 0x3
ARM GAS  C:\Users\Lenovo\AppData\Local\Temp\ccr5MKCc.s 			page 14


 624 0089 83010000 		.4byte	.LASF12
 625 008d 03       		.byte	0x3
 626 008e 18       		.byte	0x18
 627 008f 33000000 		.4byte	0x33
 628 0093 03       		.uleb128 0x3
 629 0094 37020000 		.4byte	.LASF13
 630 0098 03       		.byte	0x3
 631 0099 24       		.byte	0x24
 632 009a 4C000000 		.4byte	0x4c
 633 009e 05       		.uleb128 0x5
 634 009f 8B010000 		.4byte	.LASF14
 635 00a3 04       		.byte	0x4
 636 00a4 FB01     		.2byte	0x1fb
 637 00a6 3E000000 		.4byte	0x3e
 638 00aa 05       		.uleb128 0x5
 639 00ab D4020000 		.4byte	.LASF15
 640 00af 04       		.byte	0x4
 641 00b0 FD01     		.2byte	0x1fd
 642 00b2 65000000 		.4byte	0x65
 643 00b6 02       		.uleb128 0x2
 644 00b7 08       		.byte	0x8
 645 00b8 04       		.byte	0x4
 646 00b9 F4020000 		.4byte	.LASF16
 647 00bd 02       		.uleb128 0x2
 648 00be 01       		.byte	0x1
 649 00bf 08       		.byte	0x8
 650 00c0 A1020000 		.4byte	.LASF17
 651 00c4 02       		.uleb128 0x2
 652 00c5 08       		.byte	0x8
 653 00c6 04       		.byte	0x4
 654 00c7 DE010000 		.4byte	.LASF18
 655 00cb 02       		.uleb128 0x2
 656 00cc 04       		.byte	0x4
 657 00cd 07       		.byte	0x7
 658 00ce 76000000 		.4byte	.LASF19
 659 00d2 06       		.uleb128 0x6
 660 00d3 63010000 		.4byte	.LASF20
 661 00d7 01       		.byte	0x1
 662 00d8 1A       		.byte	0x1a
 663 00d9 25000000 		.4byte	0x25
 664 00dd 00000000 		.4byte	.LFB33
 665 00e1 1C000000 		.4byte	.LFE33-.LFB33
 666 00e5 01       		.uleb128 0x1
 667 00e6 9C       		.byte	0x9c
 668 00e7 FB000000 		.4byte	0xfb
 669 00eb 07       		.uleb128 0x7
 670 00ec 91010000 		.4byte	.LASF22
 671 00f0 01       		.byte	0x1
 672 00f1 1A       		.byte	0x1a
 673 00f2 25000000 		.4byte	0x25
 674 00f6 00000000 		.4byte	.LLST0
 675 00fa 00       		.byte	0
 676 00fb 06       		.uleb128 0x6
 677 00fc 6B010000 		.4byte	.LASF21
 678 0100 01       		.byte	0x1
 679 0101 1B       		.byte	0x1b
 680 0102 25000000 		.4byte	0x25
ARM GAS  C:\Users\Lenovo\AppData\Local\Temp\ccr5MKCc.s 			page 15


 681 0106 00000000 		.4byte	.LFB34
 682 010a 34000000 		.4byte	.LFE34-.LFB34
 683 010e 01       		.uleb128 0x1
 684 010f 9C       		.byte	0x9c
 685 0110 24010000 		.4byte	0x124
 686 0114 07       		.uleb128 0x7
 687 0115 91010000 		.4byte	.LASF22
 688 0119 01       		.byte	0x1
 689 011a 1B       		.byte	0x1b
 690 011b 25000000 		.4byte	0x25
 691 011f 23000000 		.4byte	.LLST1
 692 0123 00       		.byte	0
 693 0124 06       		.uleb128 0x6
 694 0125 73010000 		.4byte	.LASF23
 695 0129 01       		.byte	0x1
 696 012a 1C       		.byte	0x1c
 697 012b 25000000 		.4byte	0x25
 698 012f 00000000 		.4byte	.LFB35
 699 0133 24000000 		.4byte	.LFE35-.LFB35
 700 0137 01       		.uleb128 0x1
 701 0138 9C       		.byte	0x9c
 702 0139 4D010000 		.4byte	0x14d
 703 013d 07       		.uleb128 0x7
 704 013e 91010000 		.4byte	.LASF22
 705 0142 01       		.byte	0x1
 706 0143 1C       		.byte	0x1c
 707 0144 25000000 		.4byte	0x25
 708 0148 46000000 		.4byte	.LLST2
 709 014c 00       		.byte	0
 710 014d 06       		.uleb128 0x6
 711 014e 7B010000 		.4byte	.LASF24
 712 0152 01       		.byte	0x1
 713 0153 1D       		.byte	0x1d
 714 0154 25000000 		.4byte	0x25
 715 0158 00000000 		.4byte	.LFB36
 716 015c 34000000 		.4byte	.LFE36-.LFB36
 717 0160 01       		.uleb128 0x1
 718 0161 9C       		.byte	0x9c
 719 0162 76010000 		.4byte	0x176
 720 0166 07       		.uleb128 0x7
 721 0167 91010000 		.4byte	.LASF22
 722 016b 01       		.byte	0x1
 723 016c 1D       		.byte	0x1d
 724 016d 25000000 		.4byte	0x25
 725 0171 69000000 		.4byte	.LLST3
 726 0175 00       		.byte	0
 727 0176 08       		.uleb128 0x8
 728 0177 17010000 		.4byte	.LASF59
 729 017b 01       		.byte	0x1
 730 017c 23       		.byte	0x23
 731 017d 7A000000 		.4byte	0x7a
 732 0181 00000000 		.4byte	.LFB37
 733 0185 E8010000 		.4byte	.LFE37-.LFB37
 734 0189 01       		.uleb128 0x1
 735 018a 9C       		.byte	0x9c
 736 018b 9F020000 		.4byte	0x29f
 737 018f 09       		.uleb128 0x9
ARM GAS  C:\Users\Lenovo\AppData\Local\Temp\ccr5MKCc.s 			page 16


 738 0190 28000000 		.4byte	.LVL19
 739 0194 18040000 		.4byte	0x418
 740 0198 09       		.uleb128 0x9
 741 0199 2C000000 		.4byte	.LVL20
 742 019d 23040000 		.4byte	0x423
 743 01a1 09       		.uleb128 0x9
 744 01a2 30000000 		.4byte	.LVL21
 745 01a6 2E040000 		.4byte	0x42e
 746 01aa 09       		.uleb128 0x9
 747 01ab 34000000 		.4byte	.LVL22
 748 01af 39040000 		.4byte	0x439
 749 01b3 0A       		.uleb128 0xa
 750 01b4 42000000 		.4byte	.LVL23
 751 01b8 44040000 		.4byte	0x444
 752 01bc D1010000 		.4byte	0x1d1
 753 01c0 0B       		.uleb128 0xb
 754 01c1 01       		.uleb128 0x1
 755 01c2 50       		.byte	0x50
 756 01c3 02       		.uleb128 0x2
 757 01c4 08       		.byte	0x8
 758 01c5 27       		.byte	0x27
 759 01c6 0B       		.uleb128 0xb
 760 01c7 01       		.uleb128 0x1
 761 01c8 51       		.byte	0x51
 762 01c9 01       		.uleb128 0x1
 763 01ca 31       		.byte	0x31
 764 01cb 0B       		.uleb128 0xb
 765 01cc 01       		.uleb128 0x1
 766 01cd 52       		.byte	0x52
 767 01ce 01       		.uleb128 0x1
 768 01cf 31       		.byte	0x31
 769 01d0 00       		.byte	0
 770 01d1 0A       		.uleb128 0xa
 771 01d2 52000000 		.4byte	.LVL24
 772 01d6 50040000 		.4byte	0x450
 773 01da ED010000 		.4byte	0x1ed
 774 01de 0B       		.uleb128 0xb
 775 01df 01       		.uleb128 0x1
 776 01e0 51       		.byte	0x51
 777 01e1 05       		.uleb128 0x5
 778 01e2 03       		.byte	0x3
 779 01e3 00000000 		.4byte	pressureData1
 780 01e7 0B       		.uleb128 0xb
 781 01e8 01       		.uleb128 0x1
 782 01e9 52       		.byte	0x52
 783 01ea 01       		.uleb128 0x1
 784 01eb 31       		.byte	0x31
 785 01ec 00       		.byte	0
 786 01ed 0A       		.uleb128 0xa
 787 01ee 64000000 		.4byte	.LVL25
 788 01f2 50040000 		.4byte	0x450
 789 01f6 09020000 		.4byte	0x209
 790 01fa 0B       		.uleb128 0xb
 791 01fb 01       		.uleb128 0x1
 792 01fc 51       		.byte	0x51
 793 01fd 05       		.uleb128 0x5
 794 01fe 03       		.byte	0x3
ARM GAS  C:\Users\Lenovo\AppData\Local\Temp\ccr5MKCc.s 			page 17


 795 01ff 00000000 		.4byte	pressureData2
 796 0203 0B       		.uleb128 0xb
 797 0204 01       		.uleb128 0x1
 798 0205 52       		.byte	0x52
 799 0206 01       		.uleb128 0x1
 800 0207 31       		.byte	0x31
 801 0208 00       		.byte	0
 802 0209 0A       		.uleb128 0xa
 803 020a AE000000 		.4byte	.LVL32
 804 020e D2000000 		.4byte	0xd2
 805 0212 1E020000 		.4byte	0x21e
 806 0216 0B       		.uleb128 0xb
 807 0217 01       		.uleb128 0x1
 808 0218 50       		.byte	0x50
 809 0219 03       		.uleb128 0x3
 810 021a F5       		.byte	0xf5
 811 021b 04       		.uleb128 0x4
 812 021c 25       		.uleb128 0x25
 813 021d 00       		.byte	0
 814 021e 0A       		.uleb128 0xa
 815 021f C6000000 		.4byte	.LVL34
 816 0223 FB000000 		.4byte	0xfb
 817 0227 33020000 		.4byte	0x233
 818 022b 0B       		.uleb128 0xb
 819 022c 01       		.uleb128 0x1
 820 022d 50       		.byte	0x50
 821 022e 03       		.uleb128 0x3
 822 022f F5       		.byte	0xf5
 823 0230 04       		.uleb128 0x4
 824 0231 25       		.uleb128 0x25
 825 0232 00       		.byte	0
 826 0233 0A       		.uleb128 0xa
 827 0234 DE000000 		.4byte	.LVL36
 828 0238 24010000 		.4byte	0x124
 829 023c 48020000 		.4byte	0x248
 830 0240 0B       		.uleb128 0xb
 831 0241 01       		.uleb128 0x1
 832 0242 50       		.byte	0x50
 833 0243 03       		.uleb128 0x3
 834 0244 F5       		.byte	0xf5
 835 0245 04       		.uleb128 0x4
 836 0246 25       		.uleb128 0x25
 837 0247 00       		.byte	0
 838 0248 0A       		.uleb128 0xa
 839 0249 EA000000 		.4byte	.LVL37
 840 024d 4D010000 		.4byte	0x14d
 841 0251 5D020000 		.4byte	0x25d
 842 0255 0B       		.uleb128 0xb
 843 0256 01       		.uleb128 0x1
 844 0257 50       		.byte	0x50
 845 0258 03       		.uleb128 0x3
 846 0259 F5       		.byte	0xf5
 847 025a 04       		.uleb128 0x4
 848 025b 25       		.uleb128 0x25
 849 025c 00       		.byte	0
 850 025d 0A       		.uleb128 0xa
 851 025e 4E010000 		.4byte	.LVL42
ARM GAS  C:\Users\Lenovo\AppData\Local\Temp\ccr5MKCc.s 			page 18


 852 0262 5C040000 		.4byte	0x45c
 853 0266 70020000 		.4byte	0x270
 854 026a 0B       		.uleb128 0xb
 855 026b 01       		.uleb128 0x1
 856 026c 50       		.byte	0x50
 857 026d 01       		.uleb128 0x1
 858 026e 30       		.byte	0x30
 859 026f 00       		.byte	0
 860 0270 09       		.uleb128 0x9
 861 0271 60010000 		.4byte	.LVL43
 862 0275 68040000 		.4byte	0x468
 863 0279 0A       		.uleb128 0xa
 864 027a 66010000 		.4byte	.LVL44
 865 027e 73040000 		.4byte	0x473
 866 0282 8C020000 		.4byte	0x28c
 867 0286 0B       		.uleb128 0xb
 868 0287 01       		.uleb128 0x1
 869 0288 50       		.byte	0x50
 870 0289 01       		.uleb128 0x1
 871 028a 30       		.byte	0x30
 872 028b 00       		.byte	0
 873 028c 09       		.uleb128 0x9
 874 028d 7E010000 		.4byte	.LVL45
 875 0291 7F040000 		.4byte	0x47f
 876 0295 09       		.uleb128 0x9
 877 0296 82010000 		.4byte	.LVL46
 878 029a 8A040000 		.4byte	0x48a
 879 029e 00       		.byte	0
 880 029f 0C       		.uleb128 0xc
 881 02a0 00000000 		.4byte	.LASF25
 882 02a4 01       		.byte	0x1
 883 02a5 0B       		.byte	0xb
 884 02a6 88000000 		.4byte	0x88
 885 02aa 05       		.uleb128 0x5
 886 02ab 03       		.byte	0x3
 887 02ac 00000000 		.4byte	pressureData1
 888 02b0 0C       		.uleb128 0xc
 889 02b1 0E000000 		.4byte	.LASF26
 890 02b5 01       		.byte	0x1
 891 02b6 0B       		.byte	0xb
 892 02b7 88000000 		.4byte	0x88
 893 02bb 05       		.uleb128 0x5
 894 02bc 03       		.byte	0x3
 895 02bd 00000000 		.4byte	pressureData2
 896 02c1 0C       		.uleb128 0xc
 897 02c2 C1010000 		.4byte	.LASF27
 898 02c6 01       		.byte	0x1
 899 02c7 0C       		.byte	0xc
 900 02c8 93000000 		.4byte	0x93
 901 02cc 05       		.uleb128 0x5
 902 02cd 03       		.byte	0x3
 903 02ce 00000000 		.4byte	data16Bit
 904 02d2 0C       		.uleb128 0xc
 905 02d3 67020000 		.4byte	.LASF28
 906 02d7 01       		.byte	0x1
 907 02d8 0D       		.byte	0xd
 908 02d9 AA000000 		.4byte	0xaa
ARM GAS  C:\Users\Lenovo\AppData\Local\Temp\ccr5MKCc.s 			page 19


 909 02dd 05       		.uleb128 0x5
 910 02de 03       		.byte	0x3
 911 02df 00000000 		.4byte	start
 912 02e3 0C       		.uleb128 0xc
 913 02e4 62000000 		.4byte	.LASF29
 914 02e8 01       		.byte	0x1
 915 02e9 0D       		.byte	0xd
 916 02ea AA000000 		.4byte	0xaa
 917 02ee 05       		.uleb128 0x5
 918 02ef 03       		.byte	0x3
 919 02f0 00000000 		.4byte	readByte1
 920 02f4 0C       		.uleb128 0xc
 921 02f5 6C000000 		.4byte	.LASF30
 922 02f9 01       		.byte	0x1
 923 02fa 0D       		.byte	0xd
 924 02fb AA000000 		.4byte	0xaa
 925 02ff 05       		.uleb128 0x5
 926 0300 03       		.byte	0x3
 927 0301 00000000 		.4byte	readByte2
 928 0305 0C       		.uleb128 0xc
 929 0306 9C020000 		.4byte	.LASF31
 930 030a 01       		.byte	0x1
 931 030b 0D       		.byte	0xd
 932 030c AA000000 		.4byte	0xaa
 933 0310 05       		.uleb128 0x5
 934 0311 03       		.byte	0x3
 935 0312 00000000 		.4byte	stop
 936 0316 0D       		.uleb128 0xd
 937 0317 6900     		.ascii	"i\000"
 938 0319 01       		.byte	0x1
 939 031a 0E       		.byte	0xe
 940 031b 7A000000 		.4byte	0x7a
 941 031f 05       		.uleb128 0x5
 942 0320 03       		.byte	0x3
 943 0321 00000000 		.4byte	i
 944 0325 0D       		.uleb128 0xd
 945 0326 6D00     		.ascii	"m\000"
 946 0328 01       		.byte	0x1
 947 0329 0F       		.byte	0xf
 948 032a 7A000000 		.4byte	0x7a
 949 032e 05       		.uleb128 0x5
 950 032f 03       		.byte	0x3
 951 0330 00000000 		.4byte	m
 952 0334 0C       		.uleb128 0xc
 953 0335 A5010000 		.4byte	.LASF32
 954 0339 01       		.byte	0x1
 955 033a 11       		.byte	0x11
 956 033b 25000000 		.4byte	0x25
 957 033f 05       		.uleb128 0x5
 958 0340 03       		.byte	0x3
 959 0341 00000000 		.4byte	kPaData
 960 0345 0C       		.uleb128 0xc
 961 0346 9A010000 		.4byte	.LASF33
 962 034a 01       		.byte	0x1
 963 034b 11       		.byte	0x11
 964 034c 25000000 		.4byte	0x25
 965 0350 05       		.uleb128 0x5
ARM GAS  C:\Users\Lenovo\AppData\Local\Temp\ccr5MKCc.s 			page 20


 966 0351 03       		.byte	0x3
 967 0352 00000000 		.4byte	paPressure
 968 0356 0D       		.uleb128 0xd
 969 0357 73756D00 		.ascii	"sum\000"
 970 035b 01       		.byte	0x1
 971 035c 12       		.byte	0x12
 972 035d 25000000 		.4byte	0x25
 973 0361 05       		.uleb128 0x5
 974 0362 03       		.byte	0x3
 975 0363 00000000 		.4byte	sum
 976 0367 0C       		.uleb128 0xc
 977 0368 11010000 		.4byte	.LASF34
 978 036c 01       		.byte	0x1
 979 036d 12       		.byte	0x12
 980 036e 25000000 		.4byte	0x25
 981 0372 05       		.uleb128 0x5
 982 0373 03       		.byte	0x3
 983 0374 00000000 		.4byte	avgPa
 984 0378 0C       		.uleb128 0xc
 985 0379 FB020000 		.4byte	.LASF35
 986 037d 01       		.byte	0x1
 987 037e 12       		.byte	0x12
 988 037f 25000000 		.4byte	0x25
 989 0383 05       		.uleb128 0x5
 990 0384 03       		.byte	0x3
 991 0385 00000000 		.4byte	frequencySum
 992 0389 0C       		.uleb128 0xc
 993 038a AC020000 		.4byte	.LASF36
 994 038e 01       		.byte	0x1
 995 038f 12       		.byte	0x12
 996 0390 25000000 		.4byte	0x25
 997 0394 05       		.uleb128 0x5
 998 0395 03       		.byte	0x3
 999 0396 00000000 		.4byte	avgFrequency
 1000 039a 0C       		.uleb128 0xc
 1001 039b 94030000 		.4byte	.LASF37
 1002 039f 01       		.byte	0x1
 1003 03a0 14       		.byte	0x14
 1004 03a1 25000000 		.4byte	0x25
 1005 03a5 05       		.uleb128 0x5
 1006 03a6 03       		.byte	0x3
 1007 03a7 00000000 		.4byte	under752Slope
 1008 03ab 0C       		.uleb128 0xc
 1009 03ac 39030000 		.4byte	.LASF38
 1010 03b0 01       		.byte	0x1
 1011 03b1 15       		.byte	0x15
 1012 03b2 25000000 		.4byte	0x25
 1013 03b6 05       		.uleb128 0x5
 1014 03b7 03       		.byte	0x3
 1015 03b8 00000000 		.4byte	under1000Slope
 1016 03bc 0C       		.uleb128 0xc
 1017 03bd 40020000 		.4byte	.LASF39
 1018 03c1 01       		.byte	0x1
 1019 03c2 16       		.byte	0x16
 1020 03c3 25000000 		.4byte	0x25
 1021 03c7 05       		.uleb128 0x5
 1022 03c8 03       		.byte	0x3
ARM GAS  C:\Users\Lenovo\AppData\Local\Temp\ccr5MKCc.s 			page 21


 1023 03c9 00000000 		.4byte	under1504Slope
 1024 03cd 0C       		.uleb128 0xc
 1025 03ce 63030000 		.4byte	.LASF40
 1026 03d2 01       		.byte	0x1
 1027 03d3 17       		.byte	0x17
 1028 03d4 25000000 		.4byte	0x25
 1029 03d8 05       		.uleb128 0x5
 1030 03d9 03       		.byte	0x3
 1031 03da 00000000 		.4byte	under3000Slope
 1032 03de 0C       		.uleb128 0xc
 1033 03df 2F030000 		.4byte	.LASF41
 1034 03e3 01       		.byte	0x1
 1035 03e4 18       		.byte	0x18
 1036 03e5 25000000 		.4byte	0x25
 1037 03e9 05       		.uleb128 0x5
 1038 03ea 03       		.byte	0x3
 1039 03eb 00000000 		.4byte	frequency
 1040 03ef 0C       		.uleb128 0xc
 1041 03f0 1C000000 		.4byte	.LASF42
 1042 03f4 01       		.byte	0x1
 1043 03f5 1F       		.byte	0x1f
 1044 03f6 00040000 		.4byte	0x400
 1045 03fa 05       		.uleb128 0x5
 1046 03fb 03       		.byte	0x3
 1047 03fc 00000000 		.4byte	pause
 1048 0400 02       		.uleb128 0x2
 1049 0401 01       		.byte	0x1
 1050 0402 02       		.byte	0x2
 1051 0403 A6020000 		.4byte	.LASF43
 1052 0407 0C       		.uleb128 0xc
 1053 0408 B9020000 		.4byte	.LASF44
 1054 040c 01       		.byte	0x1
 1055 040d 21       		.byte	0x21
 1056 040e AA000000 		.4byte	0xaa
 1057 0412 05       		.uleb128 0x5
 1058 0413 03       		.byte	0x3
 1059 0414 00000000 		.4byte	busy
 1060 0418 0E       		.uleb128 0xe
 1061 0419 72030000 		.4byte	.LASF45
 1062 041d 72030000 		.4byte	.LASF45
 1063 0421 05       		.byte	0x5
 1064 0422 72       		.byte	0x72
 1065 0423 0E       		.uleb128 0xe
 1066 0424 1B020000 		.4byte	.LASF46
 1067 0428 1B020000 		.4byte	.LASF46
 1068 042c 06       		.byte	0x6
 1069 042d 3B       		.byte	0x3b
 1070 042e 0E       		.uleb128 0xe
 1071 042f 38000000 		.4byte	.LASF47
 1072 0433 38000000 		.4byte	.LASF47
 1073 0437 07       		.byte	0x7
 1074 0438 43       		.byte	0x43
 1075 0439 0E       		.uleb128 0xe
 1076 043a 1F030000 		.4byte	.LASF48
 1077 043e 1F030000 		.4byte	.LASF48
 1078 0442 08       		.byte	0x8
 1079 0443 5A       		.byte	0x5a
ARM GAS  C:\Users\Lenovo\AppData\Local\Temp\ccr5MKCc.s 			page 22


 1080 0444 0F       		.uleb128 0xf
 1081 0445 08030000 		.4byte	.LASF49
 1082 0449 08030000 		.4byte	.LASF49
 1083 044d 09       		.byte	0x9
 1084 044e 1B01     		.2byte	0x11b
 1085 0450 0F       		.uleb128 0xf
 1086 0451 BE020000 		.4byte	.LASF50
 1087 0455 BE020000 		.4byte	.LASF50
 1088 0459 09       		.byte	0x9
 1089 045a 1F01     		.2byte	0x11f
 1090 045c 0F       		.uleb128 0xf
 1091 045d 22000000 		.4byte	.LASF51
 1092 0461 22000000 		.4byte	.LASF51
 1093 0465 09       		.byte	0x9
 1094 0466 1D01     		.2byte	0x11d
 1095 0468 0E       		.uleb128 0xe
 1096 0469 48030000 		.4byte	.LASF52
 1097 046d 48030000 		.4byte	.LASF52
 1098 0471 06       		.byte	0x6
 1099 0472 3F       		.byte	0x3f
 1100 0473 0F       		.uleb128 0xf
 1101 0474 7C030000 		.4byte	.LASF53
 1102 0478 7C030000 		.4byte	.LASF53
 1103 047c 0A       		.byte	0xa
 1104 047d 7704     		.2byte	0x477
 1105 047f 0E       		.uleb128 0xe
 1106 0480 80020000 		.4byte	.LASF54
 1107 0484 80020000 		.4byte	.LASF54
 1108 0488 07       		.byte	0x7
 1109 0489 3F       		.byte	0x3f
 1110 048a 0E       		.uleb128 0xe
 1111 048b 4F020000 		.4byte	.LASF55
 1112 048f 4F020000 		.4byte	.LASF55
 1113 0493 08       		.byte	0x8
 1114 0494 59       		.byte	0x59
 1115 0495 00       		.byte	0
 1116              		.section	.debug_abbrev,"",%progbits
 1117              	.Ldebug_abbrev0:
 1118 0000 01       		.uleb128 0x1
 1119 0001 11       		.uleb128 0x11
 1120 0002 01       		.byte	0x1
 1121 0003 25       		.uleb128 0x25
 1122 0004 0E       		.uleb128 0xe
 1123 0005 13       		.uleb128 0x13
 1124 0006 0B       		.uleb128 0xb
 1125 0007 03       		.uleb128 0x3
 1126 0008 0E       		.uleb128 0xe
 1127 0009 1B       		.uleb128 0x1b
 1128 000a 0E       		.uleb128 0xe
 1129 000b 55       		.uleb128 0x55
 1130 000c 17       		.uleb128 0x17
 1131 000d 11       		.uleb128 0x11
 1132 000e 01       		.uleb128 0x1
 1133 000f 10       		.uleb128 0x10
 1134 0010 17       		.uleb128 0x17
 1135 0011 00       		.byte	0
 1136 0012 00       		.byte	0
ARM GAS  C:\Users\Lenovo\AppData\Local\Temp\ccr5MKCc.s 			page 23


 1137 0013 02       		.uleb128 0x2
 1138 0014 24       		.uleb128 0x24
 1139 0015 00       		.byte	0
 1140 0016 0B       		.uleb128 0xb
 1141 0017 0B       		.uleb128 0xb
 1142 0018 3E       		.uleb128 0x3e
 1143 0019 0B       		.uleb128 0xb
 1144 001a 03       		.uleb128 0x3
 1145 001b 0E       		.uleb128 0xe
 1146 001c 00       		.byte	0
 1147 001d 00       		.byte	0
 1148 001e 03       		.uleb128 0x3
 1149 001f 16       		.uleb128 0x16
 1150 0020 00       		.byte	0
 1151 0021 03       		.uleb128 0x3
 1152 0022 0E       		.uleb128 0xe
 1153 0023 3A       		.uleb128 0x3a
 1154 0024 0B       		.uleb128 0xb
 1155 0025 3B       		.uleb128 0x3b
 1156 0026 0B       		.uleb128 0xb
 1157 0027 49       		.uleb128 0x49
 1158 0028 13       		.uleb128 0x13
 1159 0029 00       		.byte	0
 1160 002a 00       		.byte	0
 1161 002b 04       		.uleb128 0x4
 1162 002c 24       		.uleb128 0x24
 1163 002d 00       		.byte	0
 1164 002e 0B       		.uleb128 0xb
 1165 002f 0B       		.uleb128 0xb
 1166 0030 3E       		.uleb128 0x3e
 1167 0031 0B       		.uleb128 0xb
 1168 0032 03       		.uleb128 0x3
 1169 0033 08       		.uleb128 0x8
 1170 0034 00       		.byte	0
 1171 0035 00       		.byte	0
 1172 0036 05       		.uleb128 0x5
 1173 0037 16       		.uleb128 0x16
 1174 0038 00       		.byte	0
 1175 0039 03       		.uleb128 0x3
 1176 003a 0E       		.uleb128 0xe
 1177 003b 3A       		.uleb128 0x3a
 1178 003c 0B       		.uleb128 0xb
 1179 003d 3B       		.uleb128 0x3b
 1180 003e 05       		.uleb128 0x5
 1181 003f 49       		.uleb128 0x49
 1182 0040 13       		.uleb128 0x13
 1183 0041 00       		.byte	0
 1184 0042 00       		.byte	0
 1185 0043 06       		.uleb128 0x6
 1186 0044 2E       		.uleb128 0x2e
 1187 0045 01       		.byte	0x1
 1188 0046 3F       		.uleb128 0x3f
 1189 0047 19       		.uleb128 0x19
 1190 0048 03       		.uleb128 0x3
 1191 0049 0E       		.uleb128 0xe
 1192 004a 3A       		.uleb128 0x3a
 1193 004b 0B       		.uleb128 0xb
ARM GAS  C:\Users\Lenovo\AppData\Local\Temp\ccr5MKCc.s 			page 24


 1194 004c 3B       		.uleb128 0x3b
 1195 004d 0B       		.uleb128 0xb
 1196 004e 27       		.uleb128 0x27
 1197 004f 19       		.uleb128 0x19
 1198 0050 49       		.uleb128 0x49
 1199 0051 13       		.uleb128 0x13
 1200 0052 11       		.uleb128 0x11
 1201 0053 01       		.uleb128 0x1
 1202 0054 12       		.uleb128 0x12
 1203 0055 06       		.uleb128 0x6
 1204 0056 40       		.uleb128 0x40
 1205 0057 18       		.uleb128 0x18
 1206 0058 9642     		.uleb128 0x2116
 1207 005a 19       		.uleb128 0x19
 1208 005b 01       		.uleb128 0x1
 1209 005c 13       		.uleb128 0x13
 1210 005d 00       		.byte	0
 1211 005e 00       		.byte	0
 1212 005f 07       		.uleb128 0x7
 1213 0060 05       		.uleb128 0x5
 1214 0061 00       		.byte	0
 1215 0062 03       		.uleb128 0x3
 1216 0063 0E       		.uleb128 0xe
 1217 0064 3A       		.uleb128 0x3a
 1218 0065 0B       		.uleb128 0xb
 1219 0066 3B       		.uleb128 0x3b
 1220 0067 0B       		.uleb128 0xb
 1221 0068 49       		.uleb128 0x49
 1222 0069 13       		.uleb128 0x13
 1223 006a 02       		.uleb128 0x2
 1224 006b 17       		.uleb128 0x17
 1225 006c 00       		.byte	0
 1226 006d 00       		.byte	0
 1227 006e 08       		.uleb128 0x8
 1228 006f 2E       		.uleb128 0x2e
 1229 0070 01       		.byte	0x1
 1230 0071 3F       		.uleb128 0x3f
 1231 0072 19       		.uleb128 0x19
 1232 0073 03       		.uleb128 0x3
 1233 0074 0E       		.uleb128 0xe
 1234 0075 3A       		.uleb128 0x3a
 1235 0076 0B       		.uleb128 0xb
 1236 0077 3B       		.uleb128 0x3b
 1237 0078 0B       		.uleb128 0xb
 1238 0079 27       		.uleb128 0x27
 1239 007a 19       		.uleb128 0x19
 1240 007b 49       		.uleb128 0x49
 1241 007c 13       		.uleb128 0x13
 1242 007d 8701     		.uleb128 0x87
 1243 007f 19       		.uleb128 0x19
 1244 0080 11       		.uleb128 0x11
 1245 0081 01       		.uleb128 0x1
 1246 0082 12       		.uleb128 0x12
 1247 0083 06       		.uleb128 0x6
 1248 0084 40       		.uleb128 0x40
 1249 0085 18       		.uleb128 0x18
 1250 0086 9642     		.uleb128 0x2116
ARM GAS  C:\Users\Lenovo\AppData\Local\Temp\ccr5MKCc.s 			page 25


 1251 0088 19       		.uleb128 0x19
 1252 0089 01       		.uleb128 0x1
 1253 008a 13       		.uleb128 0x13
 1254 008b 00       		.byte	0
 1255 008c 00       		.byte	0
 1256 008d 09       		.uleb128 0x9
 1257 008e 898201   		.uleb128 0x4109
 1258 0091 00       		.byte	0
 1259 0092 11       		.uleb128 0x11
 1260 0093 01       		.uleb128 0x1
 1261 0094 31       		.uleb128 0x31
 1262 0095 13       		.uleb128 0x13
 1263 0096 00       		.byte	0
 1264 0097 00       		.byte	0
 1265 0098 0A       		.uleb128 0xa
 1266 0099 898201   		.uleb128 0x4109
 1267 009c 01       		.byte	0x1
 1268 009d 11       		.uleb128 0x11
 1269 009e 01       		.uleb128 0x1
 1270 009f 31       		.uleb128 0x31
 1271 00a0 13       		.uleb128 0x13
 1272 00a1 01       		.uleb128 0x1
 1273 00a2 13       		.uleb128 0x13
 1274 00a3 00       		.byte	0
 1275 00a4 00       		.byte	0
 1276 00a5 0B       		.uleb128 0xb
 1277 00a6 8A8201   		.uleb128 0x410a
 1278 00a9 00       		.byte	0
 1279 00aa 02       		.uleb128 0x2
 1280 00ab 18       		.uleb128 0x18
 1281 00ac 9142     		.uleb128 0x2111
 1282 00ae 18       		.uleb128 0x18
 1283 00af 00       		.byte	0
 1284 00b0 00       		.byte	0
 1285 00b1 0C       		.uleb128 0xc
 1286 00b2 34       		.uleb128 0x34
 1287 00b3 00       		.byte	0
 1288 00b4 03       		.uleb128 0x3
 1289 00b5 0E       		.uleb128 0xe
 1290 00b6 3A       		.uleb128 0x3a
 1291 00b7 0B       		.uleb128 0xb
 1292 00b8 3B       		.uleb128 0x3b
 1293 00b9 0B       		.uleb128 0xb
 1294 00ba 49       		.uleb128 0x49
 1295 00bb 13       		.uleb128 0x13
 1296 00bc 3F       		.uleb128 0x3f
 1297 00bd 19       		.uleb128 0x19
 1298 00be 02       		.uleb128 0x2
 1299 00bf 18       		.uleb128 0x18
 1300 00c0 00       		.byte	0
 1301 00c1 00       		.byte	0
 1302 00c2 0D       		.uleb128 0xd
 1303 00c3 34       		.uleb128 0x34
 1304 00c4 00       		.byte	0
 1305 00c5 03       		.uleb128 0x3
 1306 00c6 08       		.uleb128 0x8
 1307 00c7 3A       		.uleb128 0x3a
ARM GAS  C:\Users\Lenovo\AppData\Local\Temp\ccr5MKCc.s 			page 26


 1308 00c8 0B       		.uleb128 0xb
 1309 00c9 3B       		.uleb128 0x3b
 1310 00ca 0B       		.uleb128 0xb
 1311 00cb 49       		.uleb128 0x49
 1312 00cc 13       		.uleb128 0x13
 1313 00cd 3F       		.uleb128 0x3f
 1314 00ce 19       		.uleb128 0x19
 1315 00cf 02       		.uleb128 0x2
 1316 00d0 18       		.uleb128 0x18
 1317 00d1 00       		.byte	0
 1318 00d2 00       		.byte	0
 1319 00d3 0E       		.uleb128 0xe
 1320 00d4 2E       		.uleb128 0x2e
 1321 00d5 00       		.byte	0
 1322 00d6 3F       		.uleb128 0x3f
 1323 00d7 19       		.uleb128 0x19
 1324 00d8 3C       		.uleb128 0x3c
 1325 00d9 19       		.uleb128 0x19
 1326 00da 6E       		.uleb128 0x6e
 1327 00db 0E       		.uleb128 0xe
 1328 00dc 03       		.uleb128 0x3
 1329 00dd 0E       		.uleb128 0xe
 1330 00de 3A       		.uleb128 0x3a
 1331 00df 0B       		.uleb128 0xb
 1332 00e0 3B       		.uleb128 0x3b
 1333 00e1 0B       		.uleb128 0xb
 1334 00e2 00       		.byte	0
 1335 00e3 00       		.byte	0
 1336 00e4 0F       		.uleb128 0xf
 1337 00e5 2E       		.uleb128 0x2e
 1338 00e6 00       		.byte	0
 1339 00e7 3F       		.uleb128 0x3f
 1340 00e8 19       		.uleb128 0x19
 1341 00e9 3C       		.uleb128 0x3c
 1342 00ea 19       		.uleb128 0x19
 1343 00eb 6E       		.uleb128 0x6e
 1344 00ec 0E       		.uleb128 0xe
 1345 00ed 03       		.uleb128 0x3
 1346 00ee 0E       		.uleb128 0xe
 1347 00ef 3A       		.uleb128 0x3a
 1348 00f0 0B       		.uleb128 0xb
 1349 00f1 3B       		.uleb128 0x3b
 1350 00f2 05       		.uleb128 0x5
 1351 00f3 00       		.byte	0
 1352 00f4 00       		.byte	0
 1353 00f5 00       		.byte	0
 1354              		.section	.debug_loc,"",%progbits
 1355              	.Ldebug_loc0:
 1356              	.LLST0:
 1357 0000 00000000 		.4byte	.LVL0
 1358 0004 09000000 		.4byte	.LVL1-1
 1359 0008 0100     		.2byte	0x1
 1360 000a 50       		.byte	0x50
 1361 000b 09000000 		.4byte	.LVL1-1
 1362 000f 1C000000 		.4byte	.LFE33
 1363 0013 0600     		.2byte	0x6
 1364 0015 F3       		.byte	0xf3
ARM GAS  C:\Users\Lenovo\AppData\Local\Temp\ccr5MKCc.s 			page 27


 1365 0016 03       		.uleb128 0x3
 1366 0017 F5       		.byte	0xf5
 1367 0018 00       		.uleb128 0
 1368 0019 25       		.uleb128 0x25
 1369 001a 9F       		.byte	0x9f
 1370 001b 00000000 		.4byte	0
 1371 001f 00000000 		.4byte	0
 1372              	.LLST1:
 1373 0023 00000000 		.4byte	.LVL3
 1374 0027 07000000 		.4byte	.LVL4-1
 1375 002b 0100     		.2byte	0x1
 1376 002d 50       		.byte	0x50
 1377 002e 07000000 		.4byte	.LVL4-1
 1378 0032 34000000 		.4byte	.LFE34
 1379 0036 0600     		.2byte	0x6
 1380 0038 F3       		.byte	0xf3
 1381 0039 03       		.uleb128 0x3
 1382 003a F5       		.byte	0xf5
 1383 003b 00       		.uleb128 0
 1384 003c 25       		.uleb128 0x25
 1385 003d 9F       		.byte	0x9f
 1386 003e 00000000 		.4byte	0
 1387 0042 00000000 		.4byte	0
 1388              	.LLST2:
 1389 0046 00000000 		.4byte	.LVL9
 1390 004a 07000000 		.4byte	.LVL10-1
 1391 004e 0100     		.2byte	0x1
 1392 0050 50       		.byte	0x50
 1393 0051 07000000 		.4byte	.LVL10-1
 1394 0055 24000000 		.4byte	.LFE35
 1395 0059 0600     		.2byte	0x6
 1396 005b F3       		.byte	0xf3
 1397 005c 03       		.uleb128 0x3
 1398 005d F5       		.byte	0xf5
 1399 005e 00       		.uleb128 0
 1400 005f 25       		.uleb128 0x25
 1401 0060 9F       		.byte	0x9f
 1402 0061 00000000 		.4byte	0
 1403 0065 00000000 		.4byte	0
 1404              	.LLST3:
 1405 0069 00000000 		.4byte	.LVL13
 1406 006d 07000000 		.4byte	.LVL14-1
 1407 0071 0100     		.2byte	0x1
 1408 0073 50       		.byte	0x50
 1409 0074 07000000 		.4byte	.LVL14-1
 1410 0078 34000000 		.4byte	.LFE36
 1411 007c 0600     		.2byte	0x6
 1412 007e F3       		.byte	0xf3
 1413 007f 03       		.uleb128 0x3
 1414 0080 F5       		.byte	0xf5
 1415 0081 00       		.uleb128 0
 1416 0082 25       		.uleb128 0x25
 1417 0083 9F       		.byte	0x9f
 1418 0084 00000000 		.4byte	0
 1419 0088 00000000 		.4byte	0
 1420              		.section	.debug_aranges,"",%progbits
 1421 0000 3C000000 		.4byte	0x3c
ARM GAS  C:\Users\Lenovo\AppData\Local\Temp\ccr5MKCc.s 			page 28


 1422 0004 0200     		.2byte	0x2
 1423 0006 00000000 		.4byte	.Ldebug_info0
 1424 000a 04       		.byte	0x4
 1425 000b 00       		.byte	0
 1426 000c 0000     		.2byte	0
 1427 000e 0000     		.2byte	0
 1428 0010 00000000 		.4byte	.LFB33
 1429 0014 1C000000 		.4byte	.LFE33-.LFB33
 1430 0018 00000000 		.4byte	.LFB34
 1431 001c 34000000 		.4byte	.LFE34-.LFB34
 1432 0020 00000000 		.4byte	.LFB35
 1433 0024 24000000 		.4byte	.LFE35-.LFB35
 1434 0028 00000000 		.4byte	.LFB36
 1435 002c 34000000 		.4byte	.LFE36-.LFB36
 1436 0030 00000000 		.4byte	.LFB37
 1437 0034 E8010000 		.4byte	.LFE37-.LFB37
 1438 0038 00000000 		.4byte	0
 1439 003c 00000000 		.4byte	0
 1440              		.section	.debug_ranges,"",%progbits
 1441              	.Ldebug_ranges0:
 1442 0000 00000000 		.4byte	.LFB33
 1443 0004 1C000000 		.4byte	.LFE33
 1444 0008 00000000 		.4byte	.LFB34
 1445 000c 34000000 		.4byte	.LFE34
 1446 0010 00000000 		.4byte	.LFB35
 1447 0014 24000000 		.4byte	.LFE35
 1448 0018 00000000 		.4byte	.LFB36
 1449 001c 34000000 		.4byte	.LFE36
 1450 0020 00000000 		.4byte	.LFB37
 1451 0024 E8010000 		.4byte	.LFE37
 1452 0028 00000000 		.4byte	0
 1453 002c 00000000 		.4byte	0
 1454              		.section	.debug_line,"",%progbits
 1455              	.Ldebug_line0:
 1456 0000 28020000 		.section	.debug_str,"MS",%progbits,1
 1456      0200AD01 
 1456      00000201 
 1456      FB0E0D00 
 1456      01010101 
 1457              	.LASF25:
 1458 0000 70726573 		.ascii	"pressureData1\000"
 1458      73757265 
 1458      44617461 
 1458      3100
 1459              	.LASF26:
 1460 000e 70726573 		.ascii	"pressureData2\000"
 1460      73757265 
 1460      44617461 
 1460      3200
 1461              	.LASF42:
 1462 001c 70617573 		.ascii	"pause\000"
 1462      6500
 1463              	.LASF51:
 1464 0022 4932435F 		.ascii	"I2C_I2CMasterSendStop\000"
 1464      4932434D 
 1464      61737465 
 1464      7253656E 
ARM GAS  C:\Users\Lenovo\AppData\Local\Temp\ccr5MKCc.s 			page 29


 1464      6453746F 
 1465              	.LASF47:
 1466 0038 43617053 		.ascii	"CapSense_InitializeAllBaselines\000"
 1466      656E7365 
 1466      5F496E69 
 1466      7469616C 
 1466      697A6541 
 1467              	.LASF3:
 1468 0058 73686F72 		.ascii	"short int\000"
 1468      7420696E 
 1468      7400
 1469              	.LASF29:
 1470 0062 72656164 		.ascii	"readByte1\000"
 1470      42797465 
 1470      3100
 1471              	.LASF30:
 1472 006c 72656164 		.ascii	"readByte2\000"
 1472      42797465 
 1472      3200
 1473              	.LASF19:
 1474 0076 73697A65 		.ascii	"sizetype\000"
 1474      74797065 
 1474      00
 1475              	.LASF56:
 1476 007f 474E5520 		.ascii	"GNU C11 5.4.1 20160609 (release) [ARM/embedded-5-br"
 1476      43313120 
 1476      352E342E 
 1476      31203230 
 1476      31363036 
 1477 00b2 616E6368 		.ascii	"anch revision 237715] -mcpu=cortex-m0plus -mthumb -"
 1477      20726576 
 1477      6973696F 
 1477      6E203233 
 1477      37373135 
 1478 00e5 67202D4F 		.ascii	"g -Og -ffunction-sections -ffat-lto-objects\000"
 1478      67202D66 
 1478      66756E63 
 1478      74696F6E 
 1478      2D736563 
 1479              	.LASF34:
 1480 0111 61766750 		.ascii	"avgPa\000"
 1480      6100
 1481              	.LASF59:
 1482 0117 6D61696E 		.ascii	"main\000"
 1482      00
 1483              	.LASF5:
 1484 011c 5F5F7569 		.ascii	"__uint16_t\000"
 1484      6E743136 
 1484      5F7400
 1485              	.LASF58:
 1486 0127 433A5C55 		.ascii	"C:\\Users\\Lenovo\\Desktop\\PressureSensor\\Pressur"
 1486      73657273 
 1486      5C4C656E 
 1486      6F766F5C 
 1486      4465736B 
 1487 0155 6553656E 		.ascii	"eSensor.cydsn\000"
 1487      736F722E 
ARM GAS  C:\Users\Lenovo\AppData\Local\Temp\ccr5MKCc.s 			page 30


 1487      63796473 
 1487      6E00
 1488              	.LASF20:
 1489 0163 72656769 		.ascii	"region1\000"
 1489      6F6E3100 
 1490              	.LASF21:
 1491 016b 72656769 		.ascii	"region2\000"
 1491      6F6E3200 
 1492              	.LASF23:
 1493 0173 72656769 		.ascii	"region3\000"
 1493      6F6E3300 
 1494              	.LASF24:
 1495 017b 72656769 		.ascii	"region4\000"
 1495      6F6E3400 
 1496              	.LASF12:
 1497 0183 75696E74 		.ascii	"uint8_t\000"
 1497      385F7400 
 1498              	.LASF14:
 1499 018b 75696E74 		.ascii	"uint8\000"
 1499      3800
 1500              	.LASF22:
 1501 0191 70726573 		.ascii	"pressure\000"
 1501      73757265 
 1501      00
 1502              	.LASF33:
 1503 019a 70615072 		.ascii	"paPressure\000"
 1503      65737375 
 1503      726500
 1504              	.LASF32:
 1505 01a5 6B506144 		.ascii	"kPaData\000"
 1505      61746100 
 1506              	.LASF0:
 1507 01ad 666C6F61 		.ascii	"float\000"
 1507      7400
 1508              	.LASF9:
 1509 01b3 6C6F6E67 		.ascii	"long long int\000"
 1509      206C6F6E 
 1509      6720696E 
 1509      7400
 1510              	.LASF27:
 1511 01c1 64617461 		.ascii	"data16Bit\000"
 1511      31364269 
 1511      7400
 1512              	.LASF7:
 1513 01cb 6C6F6E67 		.ascii	"long int\000"
 1513      20696E74 
 1513      00
 1514              	.LASF4:
 1515 01d4 5F5F7569 		.ascii	"__uint8_t\000"
 1515      6E74385F 
 1515      7400
 1516              	.LASF18:
 1517 01de 6C6F6E67 		.ascii	"long double\000"
 1517      20646F75 
 1517      626C6500 
 1518              	.LASF2:
 1519 01ea 756E7369 		.ascii	"unsigned char\000"
ARM GAS  C:\Users\Lenovo\AppData\Local\Temp\ccr5MKCc.s 			page 31


 1519      676E6564 
 1519      20636861 
 1519      7200
 1520              	.LASF1:
 1521 01f8 7369676E 		.ascii	"signed char\000"
 1521      65642063 
 1521      68617200 
 1522              	.LASF10:
 1523 0204 6C6F6E67 		.ascii	"long long unsigned int\000"
 1523      206C6F6E 
 1523      6720756E 
 1523      7369676E 
 1523      65642069 
 1524              	.LASF46:
 1525 021b 43617053 		.ascii	"CapSense_Start\000"
 1525      656E7365 
 1525      5F537461 
 1525      727400
 1526              	.LASF11:
 1527 022a 756E7369 		.ascii	"unsigned int\000"
 1527      676E6564 
 1527      20696E74 
 1527      00
 1528              	.LASF13:
 1529 0237 75696E74 		.ascii	"uint16_t\000"
 1529      31365F74 
 1529      00
 1530              	.LASF39:
 1531 0240 756E6465 		.ascii	"under1504Slope\000"
 1531      72313530 
 1531      34536C6F 
 1531      706500
 1532              	.LASF55:
 1533 024f 43617053 		.ascii	"CapSense_ScanAllWidgets\000"
 1533      656E7365 
 1533      5F536361 
 1533      6E416C6C 
 1533      57696467 
 1534              	.LASF28:
 1535 0267 73746172 		.ascii	"start\000"
 1535      7400
 1536              	.LASF6:
 1537 026d 73686F72 		.ascii	"short unsigned int\000"
 1537      7420756E 
 1537      7369676E 
 1537      65642069 
 1537      6E7400
 1538              	.LASF54:
 1539 0280 43617053 		.ascii	"CapSense_UpdateAllBaselines\000"
 1539      656E7365 
 1539      5F557064 
 1539      61746541 
 1539      6C6C4261 
 1540              	.LASF31:
 1541 029c 73746F70 		.ascii	"stop\000"
 1541      00
 1542              	.LASF17:
ARM GAS  C:\Users\Lenovo\AppData\Local\Temp\ccr5MKCc.s 			page 32


 1543 02a1 63686172 		.ascii	"char\000"
 1543      00
 1544              	.LASF43:
 1545 02a6 5F426F6F 		.ascii	"_Bool\000"
 1545      6C00
 1546              	.LASF36:
 1547 02ac 61766746 		.ascii	"avgFrequency\000"
 1547      72657175 
 1547      656E6379 
 1547      00
 1548              	.LASF44:
 1549 02b9 62757379 		.ascii	"busy\000"
 1549      00
 1550              	.LASF50:
 1551 02be 4932435F 		.ascii	"I2C_I2CMasterReadByte\000"
 1551      4932434D 
 1551      61737465 
 1551      72526561 
 1551      64427974 
 1552              	.LASF15:
 1553 02d4 75696E74 		.ascii	"uint32\000"
 1553      333200
 1554              	.LASF57:
 1555 02db 6D61696E 		.ascii	"main.c\000"
 1555      2E6300
 1556              	.LASF8:
 1557 02e2 6C6F6E67 		.ascii	"long unsigned int\000"
 1557      20756E73 
 1557      69676E65 
 1557      6420696E 
 1557      7400
 1558              	.LASF16:
 1559 02f4 646F7562 		.ascii	"double\000"
 1559      6C6500
 1560              	.LASF35:
 1561 02fb 66726571 		.ascii	"frequencySum\000"
 1561      75656E63 
 1561      7953756D 
 1561      00
 1562              	.LASF49:
 1563 0308 4932435F 		.ascii	"I2C_I2CMasterSendStart\000"
 1563      4932434D 
 1563      61737465 
 1563      7253656E 
 1563      64537461 
 1564              	.LASF48:
 1565 031f 43617053 		.ascii	"CapSense_IsBusy\000"
 1565      656E7365 
 1565      5F497342 
 1565      75737900 
 1566              	.LASF41:
 1567 032f 66726571 		.ascii	"frequency\000"
 1567      75656E63 
 1567      7900
 1568              	.LASF38:
 1569 0339 756E6465 		.ascii	"under1000Slope\000"
 1569      72313030 
ARM GAS  C:\Users\Lenovo\AppData\Local\Temp\ccr5MKCc.s 			page 33


 1569      30536C6F 
 1569      706500
 1570              	.LASF52:
 1571 0348 43617053 		.ascii	"CapSense_ProcessAllWidgets\000"
 1571      656E7365 
 1571      5F50726F 
 1571      63657373 
 1571      416C6C57 
 1572              	.LASF40:
 1573 0363 756E6465 		.ascii	"under3000Slope\000"
 1573      72333030 
 1573      30536C6F 
 1573      706500
 1574              	.LASF45:
 1575 0372 4932435F 		.ascii	"I2C_Start\000"
 1575      53746172 
 1575      7400
 1576              	.LASF53:
 1577 037c 43617053 		.ascii	"CapSense_IsWidgetActive\000"
 1577      656E7365 
 1577      5F497357 
 1577      69646765 
 1577      74416374 
 1578              	.LASF37:
 1579 0394 756E6465 		.ascii	"under752Slope\000"
 1579      72373532 
 1579      536C6F70 
 1579      6500
 1580              		.ident	"GCC: (GNU Tools for ARM Embedded Processors) 5.4.1 20160609 (release) [ARM/embedded-5-bran
